<?xml version="1.0" encoding="UTF-8"?>
<coverage generated="1719124667453" clover="3.2.0">
  <project timestamp="1719124667453" name="All files">
    <metrics statements="941" coveredstatements="126" conditionals="310" coveredconditionals="38" methods="137" coveredmethods="23" elements="1388" coveredelements="187" complexity="0" loc="941" ncloc="941" packages="8" files="20" classes="20"/>
    <package name="src">
      <metrics statements="124" coveredstatements="4" conditionals="21" coveredconditionals="0" methods="25" coveredmethods="1"/>
      <file name="Color.js" path="/Users/gagaisyou/person/CanvasRender/src/Color.js">
        <metrics statements="9" coveredstatements="0" conditionals="2" coveredconditionals="0" methods="8" coveredmethods="0"/>
        <line num="5" count="0" type="stmt"/>
        <line num="6" count="0" type="cond" truecount="0" falsecount="2"/>
        <line num="10" count="0" type="stmt"/>
        <line num="13" count="0" type="stmt"/>
        <line num="17" count="0" type="stmt"/>
        <line num="21" count="0" type="stmt"/>
        <line num="26" count="0" type="stmt"/>
        <line num="32" count="0" type="stmt"/>
        <line num="35" count="0" type="stmt"/>
      </file>
      <file name="Material.js" path="/Users/gagaisyou/person/CanvasRender/src/Material.js">
        <metrics statements="9" coveredstatements="0" conditionals="0" coveredconditionals="0" methods="1" coveredmethods="0"/>
        <line num="3" count="0" type="stmt"/>
        <line num="4" count="0" type="stmt"/>
        <line num="5" count="0" type="stmt"/>
        <line num="6" count="0" type="stmt"/>
        <line num="7" count="0" type="stmt"/>
        <line num="8" count="0" type="stmt"/>
        <line num="9" count="0" type="stmt"/>
        <line num="10" count="0" type="stmt"/>
        <line num="11" count="0" type="stmt"/>
      </file>
      <file name="Ray.js" path="/Users/gagaisyou/person/CanvasRender/src/Ray.js">
        <metrics statements="5" coveredstatements="4" conditionals="0" coveredconditionals="0" methods="2" coveredmethods="1"/>
        <line num="5" count="1" type="stmt"/>
        <line num="6" count="1" type="stmt"/>
        <line num="7" count="1" type="stmt"/>
        <line num="8" count="1" type="stmt"/>
        <line num="11" count="0" type="stmt"/>
      </file>
      <file name="Scene.js" path="/Users/gagaisyou/person/CanvasRender/src/Scene.js">
        <metrics statements="17" coveredstatements="0" conditionals="2" coveredconditionals="0" methods="6" coveredmethods="0"/>
        <line num="6" count="0" type="stmt"/>
        <line num="7" count="0" type="stmt"/>
        <line num="8" count="0" type="stmt"/>
        <line num="9" count="0" type="stmt"/>
        <line num="10" count="0" type="stmt"/>
        <line num="14" count="0" type="stmt"/>
        <line num="18" count="0" type="stmt"/>
        <line num="22" count="0" type="stmt"/>
        <line num="23" count="0" type="stmt"/>
        <line num="24" count="0" type="stmt"/>
        <line num="25" count="0" type="stmt"/>
        <line num="26" count="0" type="cond" truecount="0" falsecount="2"/>
        <line num="27" count="0" type="stmt"/>
        <line num="28" count="0" type="stmt"/>
        <line num="31" count="0" type="stmt"/>
        <line num="35" count="0" type="stmt"/>
        <line num="39" count="0" type="stmt"/>
      </file>
      <file name="Texture.js" path="/Users/gagaisyou/person/CanvasRender/src/Texture.js">
        <metrics statements="84" coveredstatements="0" conditionals="17" coveredconditionals="0" methods="8" coveredmethods="0"/>
        <line num="7" count="0" type="stmt"/>
        <line num="8" count="0" type="stmt"/>
        <line num="9" count="0" type="stmt"/>
        <line num="10" count="0" type="stmt"/>
        <line num="11" count="0" type="stmt"/>
        <line num="12" count="0" type="stmt"/>
        <line num="13" count="0" type="stmt"/>
        <line num="14" count="0" type="stmt"/>
        <line num="15" count="0" type="stmt"/>
        <line num="19" count="0" type="stmt"/>
        <line num="20" count="0" type="stmt"/>
        <line num="21" count="0" type="stmt"/>
        <line num="22" count="0" type="stmt"/>
        <line num="23" count="0" type="stmt"/>
        <line num="24" count="0" type="stmt"/>
        <line num="25" count="0" type="stmt"/>
        <line num="26" count="0" type="stmt"/>
        <line num="27" count="0" type="stmt"/>
        <line num="28" count="0" type="stmt"/>
        <line num="29" count="0" type="stmt"/>
        <line num="30" count="0" type="cond" truecount="0" falsecount="2"/>
        <line num="31" count="0" type="stmt"/>
        <line num="32" count="0" type="cond" truecount="0" falsecount="2"/>
        <line num="33" count="0" type="stmt"/>
        <line num="35" count="0" type="stmt"/>
        <line num="36" count="0" type="stmt"/>
        <line num="37" count="0" type="stmt"/>
        <line num="38" count="0" type="stmt"/>
        <line num="39" count="0" type="stmt"/>
        <line num="40" count="0" type="stmt"/>
        <line num="41" count="0" type="stmt"/>
        <line num="45" count="0" type="cond" truecount="0" falsecount="2"/>
        <line num="46" count="0" type="stmt"/>
        <line num="47" count="0" type="stmt"/>
        <line num="48" count="0" type="cond" truecount="0" falsecount="2"/>
        <line num="50" count="0" type="stmt"/>
        <line num="52" count="0" type="stmt"/>
        <line num="58" count="0" type="cond" truecount="0" falsecount="2"/>
        <line num="59" count="0" type="stmt"/>
        <line num="60" count="0" type="stmt"/>
        <line num="61" count="0" type="stmt"/>
        <line num="65" count="0" type="stmt"/>
        <line num="66" count="0" type="stmt"/>
        <line num="67" count="0" type="stmt"/>
        <line num="68" count="0" type="stmt"/>
        <line num="69" count="0" type="stmt"/>
        <line num="70" count="0" type="stmt"/>
        <line num="71" count="0" type="stmt"/>
        <line num="72" count="0" type="stmt"/>
        <line num="73" count="0" type="stmt"/>
        <line num="74" count="0" type="stmt"/>
        <line num="75" count="0" type="stmt"/>
        <line num="76" count="0" type="stmt"/>
        <line num="77" count="0" type="stmt"/>
        <line num="78" count="0" type="stmt"/>
        <line num="79" count="0" type="stmt"/>
        <line num="82" count="0" type="stmt"/>
        <line num="83" count="0" type="stmt"/>
        <line num="92" count="0" type="cond" truecount="0" falsecount="2"/>
        <line num="94" count="0" type="stmt"/>
        <line num="96" count="0" type="stmt"/>
        <line num="101" count="0" type="stmt"/>
        <line num="102" count="0" type="stmt"/>
        <line num="103" count="0" type="stmt"/>
        <line num="105" count="0" type="stmt"/>
        <line num="106" count="0" type="stmt"/>
        <line num="107" count="0" type="stmt"/>
        <line num="109" count="0" type="stmt"/>
        <line num="110" count="0" type="stmt"/>
        <line num="111" count="0" type="stmt"/>
        <line num="113" count="0" type="stmt"/>
        <line num="114" count="0" type="stmt"/>
        <line num="115" count="0" type="stmt"/>
        <line num="117" count="0" type="cond" truecount="0" falsecount="2"/>
        <line num="119" count="0" type="stmt"/>
        <line num="120" count="0" type="stmt"/>
        <line num="121" count="0" type="stmt"/>
        <line num="124" count="0" type="stmt"/>
        <line num="125" count="0" type="stmt"/>
        <line num="126" count="0" type="stmt"/>
        <line num="129" count="0" type="stmt"/>
        <line num="130" count="0" type="stmt"/>
        <line num="131" count="0" type="stmt"/>
        <line num="132" count="0" type="stmt"/>
      </file>
      <file name="index.js" path="/Users/gagaisyou/person/CanvasRender/src/index.js">
        <metrics statements="0" coveredstatements="0" conditionals="0" coveredconditionals="0" methods="0" coveredmethods="0"/>
      </file>
    </package>
    <package name="src.Camera">
      <metrics statements="53" coveredstatements="0" conditionals="8" coveredconditionals="0" methods="8" coveredmethods="0"/>
      <file name="index.js" path="/Users/gagaisyou/person/CanvasRender/src/Camera/index.js">
        <metrics statements="53" coveredstatements="0" conditionals="8" coveredconditionals="0" methods="8" coveredmethods="0"/>
        <line num="6" count="0" type="stmt"/>
        <line num="7" count="0" type="stmt"/>
        <line num="8" count="0" type="stmt"/>
        <line num="10" count="0" type="stmt"/>
        <line num="11" count="0" type="stmt"/>
        <line num="12" count="0" type="stmt"/>
        <line num="13" count="0" type="stmt"/>
        <line num="14" count="0" type="stmt"/>
        <line num="15" count="0" type="stmt"/>
        <line num="16" count="0" type="stmt"/>
        <line num="17" count="0" type="stmt"/>
        <line num="18" count="0" type="stmt"/>
        <line num="19" count="0" type="stmt"/>
        <line num="20" count="0" type="stmt"/>
        <line num="21" count="0" type="stmt"/>
        <line num="22" count="0" type="stmt"/>
        <line num="23" count="0" type="stmt"/>
        <line num="41" count="0" type="stmt"/>
        <line num="42" count="0" type="stmt"/>
        <line num="46" count="0" type="stmt"/>
        <line num="64" count="0" type="cond" truecount="0" falsecount="2"/>
        <line num="65" count="0" type="stmt"/>
        <line num="66" count="0" type="stmt"/>
        <line num="67" count="0" type="stmt"/>
        <line num="68" count="0" type="stmt"/>
        <line num="69" count="0" type="stmt"/>
        <line num="71" count="0" type="stmt"/>
        <line num="75" count="0" type="stmt"/>
        <line num="93" count="0" type="stmt"/>
        <line num="94" count="0" type="stmt"/>
        <line num="95" count="0" type="stmt"/>
        <line num="96" count="0" type="stmt"/>
        <line num="97" count="0" type="stmt"/>
        <line num="98" count="0" type="stmt"/>
        <line num="99" count="0" type="stmt"/>
        <line num="103" count="0" type="stmt"/>
        <line num="107" count="0" type="stmt"/>
        <line num="108" count="0" type="stmt"/>
        <line num="112" count="0" type="stmt"/>
        <line num="113" count="0" type="stmt"/>
        <line num="117" count="0" type="stmt"/>
        <line num="118" count="0" type="stmt"/>
        <line num="120" count="0" type="stmt"/>
        <line num="121" count="0" type="stmt"/>
        <line num="122" count="0" type="stmt"/>
        <line num="123" count="0" type="stmt"/>
        <line num="124" count="0" type="stmt"/>
        <line num="125" count="0" type="stmt"/>
        <line num="126" count="0" type="stmt"/>
        <line num="127" count="0" type="stmt"/>
        <line num="128" count="0" type="stmt"/>
        <line num="132" count="0" type="stmt"/>
        <line num="133" count="0" type="stmt"/>
      </file>
    </package>
    <package name="src.Engine">
      <metrics statements="113" coveredstatements="0" conditionals="26" coveredconditionals="0" methods="10" coveredmethods="0"/>
      <file name="Rasterizer.js" path="/Users/gagaisyou/person/CanvasRender/src/Engine/Rasterizer.js">
        <metrics statements="1" coveredstatements="0" conditionals="0" coveredconditionals="0" methods="1" coveredmethods="0"/>
        <line num="2" count="0" type="stmt"/>
      </file>
      <file name="index.js" path="/Users/gagaisyou/person/CanvasRender/src/Engine/index.js">
        <metrics statements="112" coveredstatements="0" conditionals="26" coveredconditionals="0" methods="9" coveredmethods="0"/>
        <line num="15" count="0" type="stmt"/>
        <line num="16" count="0" type="stmt"/>
        <line num="17" count="0" type="stmt"/>
        <line num="18" count="0" type="stmt"/>
        <line num="19" count="0" type="stmt"/>
        <line num="20" count="0" type="stmt"/>
        <line num="21" count="0" type="stmt"/>
        <line num="22" count="0" type="stmt"/>
        <line num="23" count="0" type="stmt"/>
        <line num="31" count="0" type="stmt"/>
        <line num="49" count="0" type="stmt"/>
        <line num="50" count="0" type="stmt"/>
        <line num="68" count="0" type="stmt"/>
        <line num="72" count="0" type="cond" truecount="0" falsecount="2"/>
        <line num="73" count="0" type="stmt"/>
        <line num="74" count="0" type="cond" truecount="0" falsecount="2"/>
        <line num="75" count="0" type="stmt"/>
        <line num="76" count="0" type="stmt"/>
        <line num="78" count="0" type="stmt"/>
        <line num="79" count="0" type="stmt"/>
        <line num="80" count="0" type="cond" truecount="0" falsecount="2"/>
        <line num="81" count="0" type="stmt"/>
        <line num="82" count="0" type="stmt"/>
        <line num="84" count="0" type="stmt"/>
        <line num="85" count="0" type="cond" truecount="0" falsecount="2"/>
        <line num="86" count="0" type="stmt"/>
        <line num="88" count="0" type="stmt"/>
        <line num="94" count="0" type="stmt"/>
        <line num="95" count="0" type="stmt"/>
        <line num="96" count="0" type="stmt"/>
        <line num="97" count="0" type="stmt"/>
        <line num="98" count="0" type="cond" truecount="0" falsecount="2"/>
        <line num="100" count="0" type="cond" truecount="0" falsecount="2"/>
        <line num="101" count="0" type="stmt"/>
        <line num="104" count="0" type="stmt"/>
        <line num="108" count="0" type="stmt"/>
        <line num="109" count="0" type="stmt"/>
        <line num="110" count="0" type="stmt"/>
        <line num="111" count="0" type="stmt"/>
        <line num="112" count="0" type="stmt"/>
        <line num="113" count="0" type="stmt"/>
        <line num="114" count="0" type="stmt"/>
        <line num="115" count="0" type="stmt"/>
        <line num="116" count="0" type="stmt"/>
        <line num="117" count="0" type="stmt"/>
        <line num="118" count="0" type="stmt"/>
        <line num="119" count="0" type="cond" truecount="0" falsecount="3"/>
        <line num="121" count="0" type="stmt"/>
        <line num="122" count="0" type="stmt"/>
        <line num="123" count="0" type="stmt"/>
        <line num="125" count="0" type="stmt"/>
        <line num="126" count="0" type="stmt"/>
        <line num="128" count="0" type="stmt"/>
        <line num="132" count="0" type="cond" truecount="0" falsecount="2"/>
        <line num="133" count="0" type="stmt"/>
        <line num="134" count="0" type="stmt"/>
        <line num="135" count="0" type="stmt"/>
        <line num="136" count="0" type="stmt"/>
        <line num="137" count="0" type="stmt"/>
        <line num="138" count="0" type="stmt"/>
        <line num="139" count="0" type="stmt"/>
        <line num="142" count="0" type="cond" truecount="0" falsecount="2"/>
        <line num="143" count="0" type="stmt"/>
        <line num="146" count="0" type="stmt"/>
        <line num="150" count="0" type="stmt"/>
        <line num="151" count="0" type="stmt"/>
        <line num="152" count="0" type="stmt"/>
        <line num="153" count="0" type="stmt"/>
        <line num="154" count="0" type="cond" truecount="0" falsecount="2"/>
        <line num="155" count="0" type="stmt"/>
        <line num="157" count="0" type="stmt"/>
        <line num="165" count="0" type="stmt"/>
        <line num="169" count="0" type="stmt"/>
        <line num="170" count="0" type="stmt"/>
        <line num="171" count="0" type="stmt"/>
        <line num="172" count="0" type="stmt"/>
        <line num="177" count="0" type="stmt"/>
        <line num="178" count="0" type="stmt"/>
        <line num="179" count="0" type="stmt"/>
        <line num="180" count="0" type="stmt"/>
        <line num="181" count="0" type="stmt"/>
        <line num="182" count="0" type="stmt"/>
        <line num="183" count="0" type="stmt"/>
        <line num="185" count="0" type="stmt"/>
        <line num="186" count="0" type="stmt"/>
        <line num="187" count="0" type="stmt"/>
        <line num="188" count="0" type="stmt"/>
        <line num="189" count="0" type="stmt"/>
        <line num="190" count="0" type="stmt"/>
        <line num="191" count="0" type="stmt"/>
        <line num="192" count="0" type="stmt"/>
        <line num="193" count="0" type="stmt"/>
        <line num="194" count="0" type="stmt"/>
        <line num="196" count="0" type="stmt"/>
        <line num="197" count="0" type="stmt"/>
        <line num="201" count="0" type="stmt"/>
        <line num="202" count="0" type="stmt"/>
        <line num="204" count="0" type="stmt"/>
        <line num="205" count="0" type="stmt"/>
        <line num="206" count="0" type="stmt"/>
        <line num="207" count="0" type="stmt"/>
        <line num="208" count="0" type="stmt"/>
        <line num="209" count="0" type="stmt"/>
        <line num="210" count="0" type="stmt"/>
        <line num="211" count="0" type="stmt"/>
        <line num="212" count="0" type="stmt"/>
        <line num="213" count="0" type="stmt"/>
        <line num="214" count="0" type="stmt"/>
        <line num="215" count="0" type="stmt"/>
        <line num="216" count="0" type="stmt"/>
        <line num="217" count="0" type="stmt"/>
        <line num="220" count="0" type="stmt"/>
      </file>
    </package>
    <package name="src.Geometry">
      <metrics statements="114" coveredstatements="1" conditionals="35" coveredconditionals="0" methods="14" coveredmethods="0"/>
      <file name="Object3D.js" path="/Users/gagaisyou/person/CanvasRender/src/Geometry/Object3D.js">
        <metrics statements="102" coveredstatements="1" conditionals="31" coveredconditionals="0" methods="9" coveredmethods="0"/>
        <line num="9" count="1" type="stmt"/>
        <line num="17" count="0" type="stmt"/>
        <line num="18" count="0" type="stmt"/>
        <line num="19" count="0" type="stmt"/>
        <line num="20" count="0" type="stmt"/>
        <line num="21" count="0" type="stmt"/>
        <line num="22" count="0" type="stmt"/>
        <line num="23" count="0" type="stmt"/>
        <line num="24" count="0" type="stmt"/>
        <line num="25" count="0" type="stmt"/>
        <line num="26" count="0" type="stmt"/>
        <line num="27" count="0" type="stmt"/>
        <line num="28" count="0" type="stmt"/>
        <line num="29" count="0" type="stmt"/>
        <line num="30" count="0" type="stmt"/>
        <line num="34" count="0" type="cond" truecount="0" falsecount="2"/>
        <line num="35" count="0" type="stmt"/>
        <line num="36" count="0" type="stmt"/>
        <line num="37" count="0" type="stmt"/>
        <line num="38" count="0" type="stmt"/>
        <line num="40" count="0" type="stmt"/>
        <line num="42" count="0" type="stmt"/>
        <line num="43" count="0" type="stmt"/>
        <line num="44" count="0" type="stmt"/>
        <line num="45" count="0" type="stmt"/>
        <line num="47" count="0" type="stmt"/>
        <line num="48" count="0" type="stmt"/>
        <line num="49" count="0" type="stmt"/>
        <line num="54" count="0" type="stmt"/>
        <line num="58" count="0" type="stmt"/>
        <line num="62" count="0" type="stmt"/>
        <line num="66" count="0" type="stmt"/>
        <line num="67" count="0" type="stmt"/>
        <line num="68" count="0" type="cond" truecount="0" falsecount="2"/>
        <line num="69" count="0" type="stmt"/>
        <line num="70" count="0" type="cond" truecount="0" falsecount="7"/>
        <line num="72" count="0" type="stmt"/>
        <line num="73" count="0" type="stmt"/>
        <line num="75" count="0" type="stmt"/>
        <line num="76" count="0" type="stmt"/>
        <line num="78" count="0" type="stmt"/>
        <line num="79" count="0" type="stmt"/>
        <line num="81" count="0" type="stmt"/>
        <line num="82" count="0" type="stmt"/>
        <line num="83" count="0" type="stmt"/>
        <line num="84" count="0" type="stmt"/>
        <line num="86" count="0" type="stmt"/>
        <line num="87" count="0" type="stmt"/>
        <line num="88" count="0" type="stmt"/>
        <line num="90" count="0" type="stmt"/>
        <line num="91" count="0" type="stmt"/>
        <line num="93" count="0" type="stmt"/>
        <line num="96" count="0" type="stmt"/>
        <line num="100" count="0" type="stmt"/>
        <line num="101" count="0" type="stmt"/>
        <line num="102" count="0" type="stmt"/>
        <line num="103" count="0" type="stmt"/>
        <line num="104" count="0" type="stmt"/>
        <line num="105" count="0" type="cond" truecount="0" falsecount="2"/>
        <line num="106" count="0" type="cond" truecount="0" falsecount="10"/>
        <line num="108" count="0" type="cond" truecount="0" falsecount="2"/>
        <line num="109" count="0" type="stmt"/>
        <line num="111" count="0" type="cond" truecount="0" falsecount="2"/>
        <line num="112" count="0" type="stmt"/>
        <line num="113" count="0" type="stmt"/>
        <line num="114" count="0" type="stmt"/>
        <line num="116" count="0" type="stmt"/>
        <line num="117" count="0" type="stmt"/>
        <line num="119" count="0" type="stmt"/>
        <line num="120" count="0" type="stmt"/>
        <line num="122" count="0" type="stmt"/>
        <line num="123" count="0" type="stmt"/>
        <line num="125" count="0" type="stmt"/>
        <line num="126" count="0" type="stmt"/>
        <line num="128" count="0" type="stmt"/>
        <line num="129" count="0" type="stmt"/>
        <line num="131" count="0" type="stmt"/>
        <line num="132" count="0" type="stmt"/>
        <line num="134" count="0" type="stmt"/>
        <line num="135" count="0" type="stmt"/>
        <line num="137" count="0" type="stmt"/>
        <line num="138" count="0" type="stmt"/>
        <line num="140" count="0" type="stmt"/>
        <line num="141" count="0" type="stmt"/>
        <line num="142" count="0" type="stmt"/>
        <line num="143" count="0" type="stmt"/>
        <line num="144" count="0" type="stmt"/>
        <line num="145" count="0" type="stmt"/>
        <line num="146" count="0" type="stmt"/>
        <line num="147" count="0" type="stmt"/>
        <line num="148" count="0" type="stmt"/>
        <line num="149" count="0" type="stmt"/>
        <line num="150" count="0" type="stmt"/>
        <line num="151" count="0" type="stmt"/>
        <line num="152" count="0" type="stmt"/>
        <line num="153" count="0" type="stmt"/>
        <line num="154" count="0" type="stmt"/>
        <line num="155" count="0" type="stmt"/>
        <line num="156" count="0" type="stmt"/>
        <line num="157" count="0" type="stmt"/>
        <line num="160" count="0" type="stmt"/>
        <line num="181" count="0" type="stmt"/>
      </file>
      <file name="utils.js" path="/Users/gagaisyou/person/CanvasRender/src/Geometry/utils.js">
        <metrics statements="12" coveredstatements="0" conditionals="4" coveredconditionals="0" methods="5" coveredmethods="0"/>
        <line num="4" count="0" type="stmt"/>
        <line num="5" count="0" type="stmt"/>
        <line num="6" count="0" type="stmt"/>
        <line num="7" count="0" type="cond" truecount="0" falsecount="4"/>
        <line num="8" count="0" type="stmt"/>
        <line num="11" count="0" type="stmt"/>
        <line num="12" count="0" type="stmt"/>
        <line num="17" count="0" type="stmt"/>
        <line num="18" count="0" type="stmt"/>
        <line num="19" count="0" type="stmt"/>
        <line num="20" count="0" type="stmt"/>
        <line num="21" count="0" type="stmt"/>
      </file>
    </package>
    <package name="src.Light">
      <metrics statements="23" coveredstatements="0" conditionals="0" coveredconditionals="0" methods="9" coveredmethods="0"/>
      <file name="index.js" path="/Users/gagaisyou/person/CanvasRender/src/Light/index.js">
        <metrics statements="16" coveredstatements="0" conditionals="0" coveredconditionals="0" methods="6" coveredmethods="0"/>
        <line num="3" count="0" type="stmt"/>
        <line num="4" count="0" type="stmt"/>
        <line num="5" count="0" type="stmt"/>
        <line num="6" count="0" type="stmt"/>
        <line num="10" count="0" type="stmt"/>
        <line num="16" count="0" type="stmt"/>
        <line num="24" count="0" type="stmt"/>
        <line num="25" count="0" type="stmt"/>
        <line num="26" count="0" type="stmt"/>
        <line num="27" count="0" type="stmt"/>
        <line num="31" count="0" type="stmt"/>
        <line num="37" count="0" type="stmt"/>
        <line num="38" count="0" type="stmt"/>
        <line num="42" count="0" type="stmt"/>
        <line num="48" count="0" type="stmt"/>
        <line num="49" count="0" type="stmt"/>
      </file>
      <file name="reflectionMode.js" path="/Users/gagaisyou/person/CanvasRender/src/Light/reflectionMode.js">
        <metrics statements="7" coveredstatements="0" conditionals="0" coveredconditionals="0" methods="3" coveredmethods="0"/>
        <line num="6" count="0" type="stmt"/>
        <line num="7" count="0" type="stmt"/>
        <line num="11" count="0" type="stmt"/>
        <line num="15" count="0" type="stmt"/>
        <line num="16" count="0" type="stmt"/>
        <line num="17" count="0" type="stmt"/>
        <line num="18" count="0" type="stmt"/>
      </file>
    </package>
    <package name="src.Math">
      <metrics statements="202" coveredstatements="105" conditionals="76" coveredconditionals="33" methods="42" coveredmethods="18"/>
      <file name="MathUtils.js" path="/Users/gagaisyou/person/CanvasRender/src/Math/MathUtils.js">
        <metrics statements="49" coveredstatements="14" conditionals="15" coveredconditionals="10" methods="15" coveredmethods="2"/>
        <line num="4" count="0" type="stmt"/>
        <line num="5" count="0" type="stmt"/>
        <line num="6" count="0" type="stmt"/>
        <line num="7" count="0" type="stmt"/>
        <line num="11" count="0" type="stmt"/>
        <line num="12" count="0" type="stmt"/>
        <line num="13" count="0" type="stmt"/>
        <line num="17" count="0" type="stmt"/>
        <line num="21" count="0" type="stmt"/>
        <line num="25" count="0" type="stmt"/>
        <line num="29" count="0" type="stmt"/>
        <line num="33" count="4" type="stmt"/>
        <line num="34" count="4" type="stmt"/>
        <line num="35" count="4" type="stmt"/>
        <line num="36" count="4" type="cond" truecount="3" falsecount="1"/>
        <line num="37" count="4" type="stmt"/>
        <line num="38" count="4" type="stmt"/>
        <line num="40" count="4" type="stmt"/>
        <line num="41" count="4" type="cond" truecount="3" falsecount="1"/>
        <line num="42" count="4" type="stmt"/>
        <line num="43" count="4" type="stmt"/>
        <line num="45" count="4" type="stmt"/>
        <line num="46" count="4" type="cond" truecount="3" falsecount="1"/>
        <line num="47" count="4" type="stmt"/>
        <line num="51" count="24" type="stmt"/>
        <line num="55" count="0" type="cond" truecount="0" falsecount="2"/>
        <line num="56" count="0" type="stmt"/>
        <line num="60" count="0" type="stmt"/>
        <line num="64" count="0" type="stmt"/>
        <line num="69" count="0" type="stmt"/>
        <line num="70" count="0" type="stmt"/>
        <line num="71" count="0" type="stmt"/>
        <line num="72" count="0" type="stmt"/>
        <line num="73" count="0" type="stmt"/>
        <line num="74" count="0" type="stmt"/>
        <line num="76" count="0" type="stmt"/>
        <line num="78" count="0" type="stmt"/>
        <line num="82" count="0" type="stmt"/>
        <line num="86" count="0" type="stmt"/>
        <line num="87" count="0" type="stmt"/>
        <line num="88" count="0" type="stmt"/>
        <line num="90" count="0" type="stmt"/>
        <line num="94" count="0" type="stmt"/>
        <line num="95" count="0" type="stmt"/>
        <line num="96" count="0" type="stmt"/>
        <line num="97" count="0" type="stmt"/>
        <line num="98" count="0" type="stmt"/>
        <line num="99" count="0" type="stmt"/>
        <line num="100" count="0" type="stmt"/>
      </file>
      <file name="Matrix.js" path="/Users/gagaisyou/person/CanvasRender/src/Math/Matrix.js">
        <metrics statements="121" coveredstatements="67" conditionals="51" coveredconditionals="19" methods="15" coveredmethods="8"/>
        <line num="3" count="25" type="cond" truecount="4" falsecount="0"/>
        <line num="4" count="1" type="stmt"/>
        <line num="5" count="24" type="stmt"/>
        <line num="6" count="24" type="stmt"/>
        <line num="7" count="24" type="cond" truecount="2" falsecount="0"/>
        <line num="8" count="19" type="stmt"/>
        <line num="10" count="5" type="stmt"/>
        <line num="11" count="5" type="stmt"/>
        <line num="12" count="20" type="stmt"/>
        <line num="14" count="5" type="stmt"/>
        <line num="18" count="1009" type="stmt"/>
        <line num="21" count="13" type="stmt"/>
        <line num="25" count="0" type="stmt"/>
        <line num="26" count="0" type="stmt"/>
        <line num="28" count="0" type="stmt"/>
        <line num="31" count="0" type="stmt"/>
        <line num="32" count="0" type="stmt"/>
        <line num="33" count="0" type="stmt"/>
        <line num="34" count="0" type="stmt"/>
        <line num="35" count="0" type="stmt"/>
        <line num="37" count="0" type="stmt"/>
        <line num="42" count="0" type="stmt"/>
        <line num="43" count="0" type="stmt"/>
        <line num="45" count="0" type="stmt"/>
        <line num="49" count="0" type="stmt"/>
        <line num="53" count="7" type="cond" truecount="1" falsecount="1"/>
        <line num="54" count="7" type="stmt"/>
        <line num="55" count="7" type="stmt"/>
        <line num="56" count="28" type="stmt"/>
        <line num="57" count="112" type="stmt"/>
        <line num="58" count="112" type="stmt"/>
        <line num="59" count="448" type="stmt"/>
        <line num="61" count="112" type="stmt"/>
        <line num="64" count="7" type="stmt"/>
        <line num="67" count="0" type="cond" truecount="0" falsecount="4"/>
        <line num="68" count="0" type="stmt"/>
        <line num="69" count="0" type="stmt"/>
        <line num="70" count="0" type="stmt"/>
        <line num="71" count="0" type="stmt"/>
        <line num="75" count="0" type="stmt"/>
        <line num="77" count="0" type="stmt"/>
        <line num="80" count="1" type="stmt"/>
        <line num="98" count="1" type="stmt"/>
        <line num="101" count="1" type="stmt"/>
        <line num="119" count="1" type="stmt"/>
        <line num="122" count="3" type="stmt"/>
        <line num="123" count="3" type="stmt"/>
        <line num="124" count="3" type="cond" truecount="2" falsecount="0"/>
        <line num="125" count="1" type="stmt"/>
        <line num="126" count="1" type="stmt"/>
        <line num="127" count="1" type="stmt"/>
        <line num="128" count="1" type="stmt"/>
        <line num="129" count="2" type="cond" truecount="2" falsecount="0"/>
        <line num="130" count="1" type="stmt"/>
        <line num="131" count="1" type="stmt"/>
        <line num="132" count="1" type="stmt"/>
        <line num="133" count="1" type="stmt"/>
        <line num="135" count="1" type="stmt"/>
        <line num="136" count="1" type="stmt"/>
        <line num="137" count="1" type="stmt"/>
        <line num="138" count="1" type="stmt"/>
        <line num="140" count="3" type="stmt"/>
        <line num="143" count="1" type="stmt"/>
        <line num="144" count="1" type="stmt"/>
        <line num="145" count="1" type="cond" truecount="1" falsecount="1"/>
        <line num="147" count="1" type="stmt"/>
        <line num="148" count="4" type="cond" truecount="1" falsecount="1"/>
        <line num="149" count="4" type="stmt"/>
        <line num="150" count="6" type="cond" truecount="2" falsecount="0"/>
        <line num="151" count="1" type="stmt"/>
        <line num="152" count="1" type="stmt"/>
        <line num="153" count="4" type="stmt"/>
        <line num="154" count="4" type="stmt"/>
        <line num="160" count="0" type="stmt"/>
        <line num="161" count="0" type="stmt"/>
        <line num="162" count="0" type="cond" truecount="0" falsecount="2"/>
        <line num="163" count="0" type="stmt"/>
        <line num="166" count="0" type="cond" truecount="0" falsecount="2"/>
        <line num="167" count="0" type="stmt"/>
        <line num="169" count="0" type="stmt"/>
        <line num="170" count="0" type="stmt"/>
        <line num="171" count="0" type="stmt"/>
        <line num="172" count="0" type="stmt"/>
        <line num="174" count="0" type="stmt"/>
        <line num="175" count="0" type="stmt"/>
        <line num="176" count="0" type="stmt"/>
        <line num="180" count="1" type="stmt"/>
        <line num="181" count="3" type="stmt"/>
        <line num="182" count="6" type="cond" truecount="2" falsecount="0"/>
        <line num="183" count="1" type="stmt"/>
        <line num="184" count="1" type="stmt"/>
        <line num="185" count="1" type="stmt"/>
        <line num="186" count="4" type="stmt"/>
        <line num="191" count="1" type="stmt"/>
        <line num="192" count="4" type="stmt"/>
        <line num="193" count="4" type="stmt"/>
        <line num="194" count="16" type="stmt"/>
        <line num="197" count="0" type="cond" truecount="0" falsecount="2"/>
        <line num="200" count="1" type="stmt"/>
        <line num="201" count="16" type="stmt"/>
        <line num="203" count="1" type="stmt"/>
        <line num="206" count="0" type="cond" truecount="0" falsecount="2"/>
        <line num="207" count="0" type="stmt"/>
        <line num="208" count="0" type="stmt"/>
        <line num="209" count="0" type="stmt"/>
        <line num="210" count="0" type="cond" truecount="0" falsecount="2"/>
        <line num="211" count="0" type="stmt"/>
        <line num="212" count="0" type="stmt"/>
        <line num="213" count="0" type="stmt"/>
        <line num="214" count="0" type="cond" truecount="0" falsecount="2"/>
        <line num="217" count="0" type="cond" truecount="0" falsecount="2"/>
        <line num="218" count="0" type="stmt"/>
        <line num="219" count="0" type="stmt"/>
        <line num="222" count="0" type="stmt"/>
        <line num="223" count="0" type="cond" truecount="0" falsecount="4"/>
        <line num="224" count="0" type="stmt"/>
        <line num="225" count="0" type="stmt"/>
        <line num="226" count="0" type="stmt"/>
        <line num="227" count="0" type="stmt"/>
        <line num="230" count="0" type="stmt"/>
        <line num="231" count="0" type="stmt"/>
      </file>
      <file name="Vector.js" path="/Users/gagaisyou/person/CanvasRender/src/Math/Vector.js">
        <metrics statements="32" coveredstatements="24" conditionals="10" coveredconditionals="4" methods="12" coveredmethods="8"/>
        <line num="5" count="64" type="stmt"/>
        <line num="6" count="64" type="stmt"/>
        <line num="7" count="64" type="stmt"/>
        <line num="8" count="64" type="stmt"/>
        <line num="9" count="64" type="stmt"/>
        <line num="13" count="5" type="stmt"/>
        <line num="14" count="5" type="stmt"/>
        <line num="15" count="5" type="stmt"/>
        <line num="19" count="0" type="stmt"/>
        <line num="23" count="1" type="stmt"/>
        <line num="24" count="1" type="stmt"/>
        <line num="42" count="1" type="stmt"/>
        <line num="46" count="7" type="cond" truecount="1" falsecount="1"/>
        <line num="47" count="7" type="stmt"/>
        <line num="48" count="7" type="stmt"/>
        <line num="50" count="28" type="stmt"/>
        <line num="54" count="28" type="stmt"/>
        <line num="56" count="7" type="stmt"/>
        <line num="57" count="0" type="cond" truecount="0" falsecount="2"/>
        <line num="58" count="0" type="stmt"/>
        <line num="65" count="0" type="stmt"/>
        <line num="70" count="7" type="stmt"/>
        <line num="74" count="0" type="stmt"/>
        <line num="78" count="12" type="stmt"/>
        <line num="82" count="2" type="stmt"/>
        <line num="83" count="2" type="stmt"/>
        <line num="84" count="2" type="cond" truecount="1" falsecount="1"/>
        <line num="85" count="2" type="stmt"/>
        <line num="89" count="0" type="stmt"/>
        <line num="90" count="0" type="stmt"/>
        <line num="94" count="4" type="stmt"/>
        <line num="98" count="0" type="stmt"/>
      </file>
    </package>
    <package name="src.Render">
      <metrics statements="206" coveredstatements="0" conditionals="114" coveredconditionals="0" methods="11" coveredmethods="0"/>
      <file name="index.js" path="/Users/gagaisyou/person/CanvasRender/src/Render/index.js">
        <metrics statements="204" coveredstatements="0" conditionals="96" coveredconditionals="0" methods="9" coveredmethods="0"/>
        <line num="17" count="0" type="stmt"/>
        <line num="18" count="0" type="stmt"/>
        <line num="19" count="0" type="stmt"/>
        <line num="20" count="0" type="stmt"/>
        <line num="21" count="0" type="stmt"/>
        <line num="22" count="0" type="stmt"/>
        <line num="23" count="0" type="stmt"/>
        <line num="24" count="0" type="stmt"/>
        <line num="25" count="0" type="stmt"/>
        <line num="26" count="0" type="stmt"/>
        <line num="27" count="0" type="stmt"/>
        <line num="28" count="0" type="stmt"/>
        <line num="29" count="0" type="stmt"/>
        <line num="30" count="0" type="stmt"/>
        <line num="31" count="0" type="stmt"/>
        <line num="32" count="0" type="stmt"/>
        <line num="46" count="0" type="stmt"/>
        <line num="50" count="0" type="stmt"/>
        <line num="51" count="0" type="stmt"/>
        <line num="52" count="0" type="stmt"/>
        <line num="54" count="0" type="stmt"/>
        <line num="55" count="0" type="stmt"/>
        <line num="62" count="0" type="stmt"/>
        <line num="63" count="0" type="cond" truecount="0" falsecount="2"/>
        <line num="64" count="0" type="stmt"/>
        <line num="65" count="0" type="stmt"/>
        <line num="66" count="0" type="stmt"/>
        <line num="67" count="0" type="stmt"/>
        <line num="68" count="0" type="stmt"/>
        <line num="69" count="0" type="stmt"/>
        <line num="74" count="0" type="stmt"/>
        <line num="75" count="0" type="stmt"/>
        <line num="80" count="0" type="cond" truecount="0" falsecount="2"/>
        <line num="81" count="0" type="stmt"/>
        <line num="82" count="0" type="stmt"/>
        <line num="83" count="0" type="stmt"/>
        <line num="84" count="0" type="stmt"/>
        <line num="86" count="0" type="stmt"/>
        <line num="87" count="0" type="cond" truecount="0" falsecount="2"/>
        <line num="88" count="0" type="stmt"/>
        <line num="90" count="0" type="stmt"/>
        <line num="91" count="0" type="stmt"/>
        <line num="92" count="0" type="stmt"/>
        <line num="93" count="0" type="stmt"/>
        <line num="94" count="0" type="stmt"/>
        <line num="96" count="0" type="stmt"/>
        <line num="97" count="0" type="stmt"/>
        <line num="99" count="0" type="cond" truecount="0" falsecount="2"/>
        <line num="100" count="0" type="stmt"/>
        <line num="101" count="0" type="cond" truecount="0" falsecount="4"/>
        <line num="102" count="0" type="stmt"/>
        <line num="103" count="0" type="cond" truecount="0" falsecount="2"/>
        <line num="104" count="0" type="stmt"/>
        <line num="106" count="0" type="stmt"/>
        <line num="107" count="0" type="stmt"/>
        <line num="109" count="0" type="stmt"/>
        <line num="110" count="0" type="cond" truecount="0" falsecount="2"/>
        <line num="111" count="0" type="stmt"/>
        <line num="112" count="0" type="stmt"/>
        <line num="114" count="0" type="stmt"/>
        <line num="116" count="0" type="stmt"/>
        <line num="118" count="0" type="cond" truecount="0" falsecount="2"/>
        <line num="119" count="0" type="stmt"/>
        <line num="120" count="0" type="cond" truecount="0" falsecount="4"/>
        <line num="121" count="0" type="stmt"/>
        <line num="122" count="0" type="cond" truecount="0" falsecount="2"/>
        <line num="123" count="0" type="stmt"/>
        <line num="125" count="0" type="stmt"/>
        <line num="148" count="0" type="stmt"/>
        <line num="149" count="0" type="cond" truecount="0" falsecount="2"/>
        <line num="150" count="0" type="cond" truecount="0" falsecount="2"/>
        <line num="151" count="0" type="stmt"/>
        <line num="152" count="0" type="stmt"/>
        <line num="153" count="0" type="stmt"/>
        <line num="154" count="0" type="stmt"/>
        <line num="155" count="0" type="stmt"/>
        <line num="156" count="0" type="cond" truecount="0" falsecount="2"/>
        <line num="163" count="0" type="stmt"/>
        <line num="164" count="0" type="stmt"/>
        <line num="165" count="0" type="stmt"/>
        <line num="166" count="0" type="stmt"/>
        <line num="167" count="0" type="cond" truecount="0" falsecount="4"/>
        <line num="168" count="0" type="stmt"/>
        <line num="169" count="0" type="stmt"/>
        <line num="171" count="0" type="cond" truecount="0" falsecount="2"/>
        <line num="172" count="0" type="stmt"/>
        <line num="173" count="0" type="cond" truecount="0" falsecount="5"/>
        <line num="174" count="0" type="stmt"/>
        <line num="176" count="0" type="stmt"/>
        <line num="178" count="0" type="cond" truecount="0" falsecount="2"/>
        <line num="179" count="0" type="stmt"/>
        <line num="180" count="0" type="stmt"/>
        <line num="181" count="0" type="stmt"/>
        <line num="182" count="0" type="stmt"/>
        <line num="183" count="0" type="stmt"/>
        <line num="184" count="0" type="stmt"/>
        <line num="185" count="0" type="stmt"/>
        <line num="186" count="0" type="stmt"/>
        <line num="187" count="0" type="stmt"/>
        <line num="188" count="0" type="cond" truecount="0" falsecount="2"/>
        <line num="189" count="0" type="cond" truecount="0" falsecount="2"/>
        <line num="191" count="0" type="stmt"/>
        <line num="192" count="0" type="cond" truecount="0" falsecount="2"/>
        <line num="193" count="0" type="stmt"/>
        <line num="194" count="0" type="stmt"/>
        <line num="195" count="0" type="stmt"/>
        <line num="196" count="0" type="cond" truecount="0" falsecount="4"/>
        <line num="197" count="0" type="stmt"/>
        <line num="200" count="0" type="stmt"/>
        <line num="201" count="0" type="cond" truecount="0" falsecount="2"/>
        <line num="202" count="0" type="stmt"/>
        <line num="204" count="0" type="cond" truecount="0" falsecount="2"/>
        <line num="205" count="0" type="stmt"/>
        <line num="206" count="0" type="stmt"/>
        <line num="207" count="0" type="stmt"/>
        <line num="208" count="0" type="stmt"/>
        <line num="210" count="0" type="stmt"/>
        <line num="211" count="0" type="stmt"/>
        <line num="212" count="0" type="cond" truecount="0" falsecount="4"/>
        <line num="213" count="0" type="stmt"/>
        <line num="214" count="0" type="stmt"/>
        <line num="215" count="0" type="stmt"/>
        <line num="216" count="0" type="stmt"/>
        <line num="217" count="0" type="stmt"/>
        <line num="218" count="0" type="stmt"/>
        <line num="219" count="0" type="stmt"/>
        <line num="220" count="0" type="stmt"/>
        <line num="221" count="0" type="stmt"/>
        <line num="222" count="0" type="cond" truecount="0" falsecount="2"/>
        <line num="223" count="0" type="stmt"/>
        <line num="225" count="0" type="stmt"/>
        <line num="229" count="0" type="stmt"/>
        <line num="234" count="0" type="stmt"/>
        <line num="235" count="0" type="stmt"/>
        <line num="236" count="0" type="stmt"/>
        <line num="237" count="0" type="cond" truecount="0" falsecount="2"/>
        <line num="238" count="0" type="stmt"/>
        <line num="240" count="0" type="cond" truecount="0" falsecount="3"/>
        <line num="242" count="0" type="cond" truecount="0" falsecount="6"/>
        <line num="243" count="0" type="stmt"/>
        <line num="244" count="0" type="stmt"/>
        <line num="245" count="0" type="stmt"/>
        <line num="246" count="0" type="stmt"/>
        <line num="247" count="0" type="stmt"/>
        <line num="255" count="0" type="stmt"/>
        <line num="257" count="0" type="stmt"/>
        <line num="261" count="0" type="stmt"/>
        <line num="263" count="0" type="stmt"/>
        <line num="267" count="0" type="stmt"/>
        <line num="270" count="0" type="stmt"/>
        <line num="271" count="0" type="stmt"/>
        <line num="274" count="0" type="stmt"/>
        <line num="275" count="0" type="stmt"/>
        <line num="276" count="0" type="cond" truecount="0" falsecount="3"/>
        <line num="279" count="0" type="stmt"/>
        <line num="280" count="0" type="stmt"/>
        <line num="281" count="0" type="stmt"/>
        <line num="282" count="0" type="stmt"/>
        <line num="283" count="0" type="cond" truecount="0" falsecount="2"/>
        <line num="284" count="0" type="stmt"/>
        <line num="285" count="0" type="stmt"/>
        <line num="286" count="0" type="stmt"/>
        <line num="287" count="0" type="stmt"/>
        <line num="289" count="0" type="cond" truecount="0" falsecount="2"/>
        <line num="290" count="0" type="stmt"/>
        <line num="291" count="0" type="stmt"/>
        <line num="292" count="0" type="stmt"/>
        <line num="293" count="0" type="stmt"/>
        <line num="296" count="0" type="stmt"/>
        <line num="298" count="0" type="stmt"/>
        <line num="299" count="0" type="stmt"/>
        <line num="300" count="0" type="stmt"/>
        <line num="301" count="0" type="stmt"/>
        <line num="302" count="0" type="stmt"/>
        <line num="303" count="0" type="stmt"/>
        <line num="305" count="0" type="stmt"/>
        <line num="306" count="0" type="stmt"/>
        <line num="307" count="0" type="stmt"/>
        <line num="308" count="0" type="stmt"/>
        <line num="309" count="0" type="stmt"/>
        <line num="312" count="0" type="stmt"/>
        <line num="319" count="0" type="stmt"/>
        <line num="320" count="0" type="stmt"/>
        <line num="321" count="0" type="stmt"/>
        <line num="327" count="0" type="cond" truecount="0" falsecount="2"/>
        <line num="328" count="0" type="stmt"/>
        <line num="329" count="0" type="stmt"/>
        <line num="331" count="0" type="stmt"/>
        <line num="337" count="0" type="cond" truecount="0" falsecount="2"/>
        <line num="338" count="0" type="stmt"/>
        <line num="339" count="0" type="stmt"/>
        <line num="341" count="0" type="cond" truecount="0" falsecount="2"/>
        <line num="342" count="0" type="stmt"/>
        <line num="348" count="0" type="cond" truecount="0" falsecount="2"/>
        <line num="349" count="0" type="stmt"/>
        <line num="350" count="0" type="stmt"/>
        <line num="352" count="0" type="cond" truecount="0" falsecount="2"/>
        <line num="353" count="0" type="stmt"/>
        <line num="359" count="0" type="cond" truecount="0" falsecount="2"/>
        <line num="360" count="0" type="stmt"/>
        <line num="361" count="0" type="stmt"/>
        <line num="363" count="0" type="cond" truecount="0" falsecount="2"/>
        <line num="364" count="0" type="stmt"/>
        <line num="367" count="0" type="stmt"/>
      </file>
      <file name="uils.js" path="/Users/gagaisyou/person/CanvasRender/src/Render/uils.js">
        <metrics statements="2" coveredstatements="0" conditionals="18" coveredconditionals="0" methods="2" coveredmethods="0"/>
        <line num="4" count="0" type="cond" truecount="0" falsecount="18"/>
        <line num="9" count="0" type="stmt"/>
      </file>
    </package>
    <package name="src.dataStructure">
      <metrics statements="106" coveredstatements="16" conditionals="30" coveredconditionals="5" methods="18" coveredmethods="4"/>
      <file name="Bvh.js" path="/Users/gagaisyou/person/CanvasRender/src/dataStructure/Bvh.js">
        <metrics statements="64" coveredstatements="16" conditionals="21" coveredconditionals="5" methods="15" coveredmethods="4"/>
        <line num="5" count="1" type="stmt"/>
        <line num="6" count="1" type="stmt"/>
        <line num="10" count="0" type="stmt"/>
        <line num="11" count="0" type="stmt"/>
        <line num="12" count="0" type="stmt"/>
        <line num="13" count="0" type="stmt"/>
        <line num="14" count="0" type="stmt"/>
        <line num="18" count="1" type="stmt"/>
        <line num="19" count="1" type="stmt"/>
        <line num="20" count="1" type="stmt"/>
        <line num="21" count="1" type="stmt"/>
        <line num="22" count="1" type="stmt"/>
        <line num="23" count="1" type="stmt"/>
        <line num="24" count="1" type="cond" truecount="1" falsecount="1"/>
        <line num="25" count="1" type="stmt"/>
        <line num="26" count="1" type="stmt"/>
        <line num="27" count="1" type="cond" truecount="2" falsecount="2"/>
        <line num="28" count="1" type="cond" truecount="1" falsecount="1"/>
        <line num="29" count="0" type="stmt"/>
        <line num="31" count="1" type="stmt"/>
        <line num="36" count="1" type="cond" truecount="1" falsecount="1"/>
        <line num="37" count="0" type="stmt"/>
        <line num="38" count="0" type="stmt"/>
        <line num="40" count="0" type="stmt"/>
        <line num="41" count="0" type="stmt"/>
        <line num="42" count="0" type="cond" truecount="0" falsecount="2"/>
        <line num="43" count="0" type="stmt"/>
        <line num="44" count="0" type="stmt"/>
        <line num="47" count="0" type="stmt"/>
        <line num="48" count="0" type="stmt"/>
        <line num="49" count="0" type="stmt"/>
        <line num="50" count="0" type="stmt"/>
        <line num="51" count="0" type="stmt"/>
        <line num="52" count="0" type="cond" truecount="0" falsecount="2"/>
        <line num="53" count="0" type="stmt"/>
        <line num="54" count="0" type="stmt"/>
        <line num="57" count="0" type="stmt"/>
        <line num="58" count="0" type="stmt"/>
        <line num="59" count="0" type="stmt"/>
        <line num="60" count="0" type="stmt"/>
        <line num="61" count="0" type="cond" truecount="0" falsecount="2"/>
        <line num="62" count="0" type="stmt"/>
        <line num="67" count="0" type="stmt"/>
        <line num="68" count="0" type="stmt"/>
        <line num="72" count="0" type="stmt"/>
        <line num="76" count="0" type="stmt"/>
        <line num="77" count="0" type="stmt"/>
        <line num="78" count="0" type="stmt"/>
        <line num="84" count="0" type="stmt"/>
        <line num="85" count="0" type="stmt"/>
        <line num="93" count="0" type="cond" truecount="0" falsecount="2"/>
        <line num="94" count="0" type="stmt"/>
        <line num="95" count="0" type="stmt"/>
        <line num="96" count="0" type="stmt"/>
        <line num="97" count="0" type="stmt"/>
        <line num="98" count="0" type="stmt"/>
        <line num="99" count="0" type="stmt"/>
        <line num="100" count="0" type="stmt"/>
        <line num="107" count="0" type="stmt"/>
        <line num="111" count="0" type="stmt"/>
        <line num="115" count="0" type="stmt"/>
        <line num="119" count="0" type="stmt"/>
        <line num="123" count="0" type="stmt"/>
        <line num="127" count="2" type="stmt"/>
      </file>
      <file name="BvhTree.js" path="/Users/gagaisyou/person/CanvasRender/src/dataStructure/BvhTree.js">
        <metrics statements="42" coveredstatements="0" conditionals="9" coveredconditionals="0" methods="3" coveredmethods="0"/>
        <line num="5" count="0" type="stmt"/>
        <line num="6" count="0" type="stmt"/>
        <line num="7" count="0" type="stmt"/>
        <line num="11" count="0" type="cond" truecount="0" falsecount="2"/>
        <line num="12" count="0" type="stmt"/>
        <line num="14" count="0" type="stmt"/>
        <line num="15" count="0" type="stmt"/>
        <line num="16" count="0" type="stmt"/>
        <line num="17" count="0" type="stmt"/>
        <line num="18" count="0" type="stmt"/>
        <line num="19" count="0" type="stmt"/>
        <line num="20" count="0" type="stmt"/>
        <line num="21" count="0" type="stmt"/>
        <line num="22" count="0" type="stmt"/>
        <line num="23" count="0" type="stmt"/>
        <line num="26" count="0" type="stmt"/>
        <line num="27" count="0" type="stmt"/>
        <line num="28" count="0" type="stmt"/>
        <line num="29" count="0" type="stmt"/>
        <line num="30" count="0" type="stmt"/>
        <line num="31" count="0" type="stmt"/>
        <line num="32" count="0" type="stmt"/>
        <line num="34" count="0" type="stmt"/>
        <line num="35" count="0" type="cond" truecount="0" falsecount="2"/>
        <line num="36" count="0" type="stmt"/>
        <line num="37" count="0" type="cond" truecount="0" falsecount="2"/>
        <line num="38" count="0" type="stmt"/>
        <line num="40" count="0" type="cond" truecount="0" falsecount="2"/>
        <line num="41" count="0" type="stmt"/>
        <line num="43" count="0" type="stmt"/>
        <line num="47" count="0" type="stmt"/>
        <line num="48" count="0" type="stmt"/>
        <line num="49" count="0" type="stmt"/>
        <line num="54" count="0" type="stmt"/>
        <line num="55" count="0" type="stmt"/>
        <line num="56" count="0" type="stmt"/>
        <line num="57" count="0" type="stmt"/>
        <line num="60" count="0" type="stmt"/>
        <line num="61" count="0" type="stmt"/>
        <line num="62" count="0" type="stmt"/>
        <line num="63" count="0" type="stmt"/>
        <line num="64" count="0" type="stmt"/>
      </file>
    </package>
  </project>
</coverage>
