{"/Users/gagaisyou/person/CanvasRender/src/Color.js": {"path":"/Users/gagaisyou/person/CanvasRender/src/Color.js","statementMap":{"0":{"start":{"line":5,"column":8},"end":{"line":5,"column":25}},"1":{"start":{"line":6,"column":8},"end":{"line":6,"column":40}},"2":{"start":{"line":10,"column":8},"end":{"line":10,"column":72}},"3":{"start":{"line":13,"column":8},"end":{"line":13,"column":80}},"4":{"start":{"line":17,"column":8},"end":{"line":17,"column":51}},"5":{"start":{"line":21,"column":8},"end":{"line":21,"column":84}},"6":{"start":{"line":26,"column":8},"end":{"line":26,"column":80}},"7":{"start":{"line":32,"column":8},"end":{"line":32,"column":28}},"8":{"start":{"line":35,"column":8},"end":{"line":35,"column":30}}},"fnMap":{"0":{"name":"(anonymous_0)","decl":{"start":{"line":4,"column":4},"end":{"line":4,"column":5}},"loc":{"start":{"line":4,"column":28},"end":{"line":7,"column":5}},"line":4},"1":{"name":"(anonymous_1)","decl":{"start":{"line":9,"column":4},"end":{"line":9,"column":5}},"loc":{"start":{"line":9,"column":11},"end":{"line":11,"column":5}},"line":9},"2":{"name":"(anonymous_2)","decl":{"start":{"line":12,"column":4},"end":{"line":12,"column":5}},"loc":{"start":{"line":12,"column":12},"end":{"line":14,"column":5}},"line":12},"3":{"name":"(anonymous_3)","decl":{"start":{"line":16,"column":4},"end":{"line":16,"column":5}},"loc":{"start":{"line":16,"column":28},"end":{"line":18,"column":5}},"line":16},"4":{"name":"(anonymous_4)","decl":{"start":{"line":20,"column":4},"end":{"line":20,"column":5}},"loc":{"start":{"line":20,"column":12},"end":{"line":22,"column":5}},"line":20},"5":{"name":"(anonymous_5)","decl":{"start":{"line":25,"column":4},"end":{"line":25,"column":5}},"loc":{"start":{"line":25,"column":14},"end":{"line":27,"column":5}},"line":25},"6":{"name":"(anonymous_6)","decl":{"start":{"line":31,"column":4},"end":{"line":31,"column":5}},"loc":{"start":{"line":31,"column":13},"end":{"line":33,"column":5}},"line":31},"7":{"name":"(anonymous_7)","decl":{"start":{"line":34,"column":4},"end":{"line":34,"column":5}},"loc":{"start":{"line":34,"column":16},"end":{"line":36,"column":5}},"line":34}},"branchMap":{"0":{"loc":{"start":{"line":6,"column":20},"end":{"line":6,"column":40}},"type":"cond-expr","locations":[{"start":{"line":6,"column":28},"end":{"line":6,"column":34}},{"start":{"line":6,"column":37},"end":{"line":6,"column":40}}],"line":6}},"s":{"0":0,"1":0,"2":0,"3":0,"4":0,"5":0,"6":0,"7":0,"8":0},"f":{"0":0,"1":0,"2":0,"3":0,"4":0,"5":0,"6":0,"7":0},"b":{"0":[0,0]},"_coverageSchema":"1a1c01bbd47fc00a2c39e90264f33305004495a9","hash":"db67b20116f94e2833c7b54b71821bb158adb0b4"}
,"/Users/gagaisyou/person/CanvasRender/src/Material.js": {"path":"/Users/gagaisyou/person/CanvasRender/src/Material.js","statementMap":{"0":{"start":{"line":3,"column":4},"end":{"line":3,"column":17}},"1":{"start":{"line":4,"column":4},"end":{"line":4,"column":17}},"2":{"start":{"line":5,"column":4},"end":{"line":5,"column":17}},"3":{"start":{"line":6,"column":4},"end":{"line":6,"column":17}},"4":{"start":{"line":7,"column":4},"end":{"line":7,"column":16}},"5":{"start":{"line":8,"column":4},"end":{"line":8,"column":16}},"6":{"start":{"line":9,"column":4},"end":{"line":9,"column":15}},"7":{"start":{"line":10,"column":4},"end":{"line":10,"column":19}},"8":{"start":{"line":11,"column":4},"end":{"line":11,"column":22}}},"fnMap":{"0":{"name":"(anonymous_0)","decl":{"start":{"line":2,"column":2},"end":{"line":2,"column":3}},"loc":{"start":{"line":2,"column":16},"end":{"line":12,"column":3}},"line":2}},"branchMap":{},"s":{"0":0,"1":0,"2":0,"3":0,"4":0,"5":0,"6":0,"7":0,"8":0},"f":{"0":0},"b":{},"_coverageSchema":"1a1c01bbd47fc00a2c39e90264f33305004495a9","hash":"3129da3be36d70ab17dbddbeaf25d8a03bd0606b"}
,"/Users/gagaisyou/person/CanvasRender/src/Ray.js": {"path":"/Users/gagaisyou/person/CanvasRender/src/Ray.js","statementMap":{"0":{"start":{"line":5,"column":8},"end":{"line":5,"column":45}},"1":{"start":{"line":6,"column":8},"end":{"line":6,"column":60}},"2":{"start":{"line":7,"column":8},"end":{"line":7,"column":22}},"3":{"start":{"line":8,"column":8},"end":{"line":8,"column":22}},"4":{"start":{"line":11,"column":8},"end":{"line":11,"column":65}}},"fnMap":{"0":{"name":"(anonymous_0)","decl":{"start":{"line":4,"column":4},"end":{"line":4,"column":5}},"loc":{"start":{"line":4,"column":37},"end":{"line":9,"column":5}},"line":4},"1":{"name":"(anonymous_1)","decl":{"start":{"line":10,"column":4},"end":{"line":10,"column":5}},"loc":{"start":{"line":10,"column":15},"end":{"line":12,"column":5}},"line":10}},"branchMap":{},"s":{"0":1,"1":1,"2":1,"3":1,"4":0},"f":{"0":1,"1":0},"b":{},"_coverageSchema":"1a1c01bbd47fc00a2c39e90264f33305004495a9","hash":"94e35b98e4c5e44d4baf6fd4f8e6680bf3bcbebf"}
,"/Users/gagaisyou/person/CanvasRender/src/Scene.js": {"path":"/Users/gagaisyou/person/CanvasRender/src/Scene.js","statementMap":{"0":{"start":{"line":6,"column":8},"end":{"line":6,"column":25}},"1":{"start":{"line":7,"column":8},"end":{"line":7,"column":25}},"2":{"start":{"line":8,"column":8},"end":{"line":8,"column":24}},"3":{"start":{"line":9,"column":8},"end":{"line":9,"column":24}},"4":{"start":{"line":10,"column":8},"end":{"line":10,"column":28}},"5":{"start":{"line":14,"column":8},"end":{"line":14,"column":42}},"6":{"start":{"line":18,"column":8},"end":{"line":18,"column":32}},"7":{"start":{"line":22,"column":22},"end":{"line":22,"column":30}},"8":{"start":{"line":23,"column":18},"end":{"line":23,"column":22}},"9":{"start":{"line":24,"column":8},"end":{"line":30,"column":9}},"10":{"start":{"line":24,"column":21},"end":{"line":24,"column":22}},"11":{"start":{"line":25,"column":20},"end":{"line":25,"column":71}},"12":{"start":{"line":26,"column":12},"end":{"line":29,"column":13}},"13":{"start":{"line":27,"column":16},"end":{"line":27,"column":28}},"14":{"start":{"line":28,"column":16},"end":{"line":28,"column":36}},"15":{"start":{"line":31,"column":8},"end":{"line":31,"column":19}},"16":{"start":{"line":35,"column":8},"end":{"line":35,"column":26}},"17":{"start":{"line":39,"column":8},"end":{"line":39,"column":23}}},"fnMap":{"0":{"name":"(anonymous_0)","decl":{"start":{"line":5,"column":4},"end":{"line":5,"column":5}},"loc":{"start":{"line":5,"column":22},"end":{"line":11,"column":5}},"line":5},"1":{"name":"(anonymous_1)","decl":{"start":{"line":13,"column":4},"end":{"line":13,"column":5}},"loc":{"start":{"line":13,"column":13},"end":{"line":15,"column":5}},"line":13},"2":{"name":"(anonymous_2)","decl":{"start":{"line":17,"column":4},"end":{"line":17,"column":5}},"loc":{"start":{"line":17,"column":20},"end":{"line":19,"column":5}},"line":17},"3":{"name":"(anonymous_3)","decl":{"start":{"line":21,"column":4},"end":{"line":21,"column":5}},"loc":{"start":{"line":21,"column":24},"end":{"line":32,"column":5}},"line":21},"4":{"name":"(anonymous_4)","decl":{"start":{"line":34,"column":4},"end":{"line":34,"column":5}},"loc":{"start":{"line":34,"column":16},"end":{"line":36,"column":5}},"line":34},"5":{"name":"(anonymous_5)","decl":{"start":{"line":38,"column":4},"end":{"line":38,"column":5}},"loc":{"start":{"line":38,"column":19},"end":{"line":40,"column":5}},"line":38}},"branchMap":{"0":{"loc":{"start":{"line":26,"column":12},"end":{"line":29,"column":13}},"type":"if","locations":[{"start":{"line":26,"column":12},"end":{"line":29,"column":13}},{"start":{},"end":{}}],"line":26}},"s":{"0":0,"1":0,"2":0,"3":0,"4":0,"5":0,"6":0,"7":0,"8":0,"9":0,"10":0,"11":0,"12":0,"13":0,"14":0,"15":0,"16":0,"17":0},"f":{"0":0,"1":0,"2":0,"3":0,"4":0,"5":0},"b":{"0":[0,0]}}
,"/Users/gagaisyou/person/CanvasRender/src/Texture.js": {"path":"/Users/gagaisyou/person/CanvasRender/src/Texture.js","statementMap":{"0":{"start":{"line":7,"column":8},"end":{"line":7,"column":25}},"1":{"start":{"line":8,"column":8},"end":{"line":8,"column":27}},"2":{"start":{"line":9,"column":8},"end":{"line":9,"column":29}},"3":{"start":{"line":10,"column":8},"end":{"line":10,"column":24}},"4":{"start":{"line":11,"column":8},"end":{"line":11,"column":37}},"5":{"start":{"line":12,"column":8},"end":{"line":12,"column":28}},"6":{"start":{"line":13,"column":8},"end":{"line":13,"column":29}},"7":{"start":{"line":14,"column":8},"end":{"line":14,"column":25}},"8":{"start":{"line":15,"column":8},"end":{"line":15,"column":35}},"9":{"start":{"line":19,"column":22},"end":{"line":19,"column":36}},"10":{"start":{"line":20,"column":22},"end":{"line":20,"column":36}},"11":{"start":{"line":21,"column":23},"end":{"line":21,"column":38}},"12":{"start":{"line":22,"column":23},"end":{"line":22,"column":38}},"13":{"start":{"line":23,"column":23},"end":{"line":23,"column":38}},"14":{"start":{"line":24,"column":23},"end":{"line":24,"column":38}},"15":{"start":{"line":25,"column":23},"end":{"line":25,"column":41}},"16":{"start":{"line":26,"column":23},"end":{"line":26,"column":41}},"17":{"start":{"line":27,"column":26},"end":{"line":27,"column":44}},"18":{"start":{"line":28,"column":26},"end":{"line":28,"column":44}},"19":{"start":{"line":29,"column":21},"end":{"line":29,"column":78}},"20":{"start":{"line":30,"column":20},"end":{"line":30,"column":80}},"21":{"start":{"line":31,"column":33},"end":{"line":31,"column":93}},"22":{"start":{"line":32,"column":8},"end":{"line":34,"column":9}},"23":{"start":{"line":33,"column":12},"end":{"line":33,"column":35}},"24":{"start":{"line":35,"column":33},"end":{"line":35,"column":89}},"25":{"start":{"line":36,"column":29},"end":{"line":36,"column":98}},"26":{"start":{"line":37,"column":18},"end":{"line":37,"column":55}},"27":{"start":{"line":38,"column":18},"end":{"line":38,"column":55}},"28":{"start":{"line":39,"column":18},"end":{"line":39,"column":55}},"29":{"start":{"line":40,"column":18},"end":{"line":40,"column":55}},"30":{"start":{"line":41,"column":8},"end":{"line":41,"column":28}},"31":{"start":{"line":45,"column":22},"end":{"line":45,"column":63}},"32":{"start":{"line":46,"column":22},"end":{"line":46,"column":43}},"33":{"start":{"line":47,"column":22},"end":{"line":47,"column":43}},"34":{"start":{"line":48,"column":8},"end":{"line":53,"column":9}},"35":{"start":{"line":50,"column":16},"end":{"line":50,"column":90}},"36":{"start":{"line":52,"column":16},"end":{"line":52,"column":303}},"37":{"start":{"line":58,"column":22},"end":{"line":58,"column":63}},"38":{"start":{"line":59,"column":22},"end":{"line":59,"column":36}},"39":{"start":{"line":60,"column":22},"end":{"line":60,"column":36}},"40":{"start":{"line":61,"column":8},"end":{"line":61,"column":67}},"41":{"start":{"line":65,"column":23},"end":{"line":65,"column":32}},"42":{"start":{"line":66,"column":8},"end":{"line":84,"column":9}},"43":{"start":{"line":66,"column":21},"end":{"line":66,"column":22}},"44":{"start":{"line":67,"column":25},"end":{"line":67,"column":52}},"45":{"start":{"line":68,"column":22},"end":{"line":68,"column":55}},"46":{"start":{"line":69,"column":12},"end":{"line":81,"column":13}},"47":{"start":{"line":69,"column":25},"end":{"line":69,"column":26}},"48":{"start":{"line":70,"column":16},"end":{"line":80,"column":17}},"49":{"start":{"line":70,"column":29},"end":{"line":70,"column":30}},"50":{"start":{"line":71,"column":29},"end":{"line":71,"column":51}},"51":{"start":{"line":72,"column":29},"end":{"line":72,"column":35}},"52":{"start":{"line":73,"column":29},"end":{"line":73,"column":57}},"53":{"start":{"line":74,"column":29},"end":{"line":74,"column":35}},"54":{"start":{"line":75,"column":35},"end":{"line":75,"column":53}},"55":{"start":{"line":76,"column":20},"end":{"line":76,"column":99}},"56":{"start":{"line":77,"column":20},"end":{"line":77,"column":119}},"57":{"start":{"line":78,"column":20},"end":{"line":78,"column":119}},"58":{"start":{"line":79,"column":20},"end":{"line":79,"column":119}},"59":{"start":{"line":82,"column":12},"end":{"line":82,"column":27}},"60":{"start":{"line":83,"column":12},"end":{"line":83,"column":34}},"61":{"start":{"line":92,"column":8},"end":{"line":97,"column":9}},"62":{"start":{"line":94,"column":16},"end":{"line":94,"column":44}},"63":{"start":{"line":96,"column":16},"end":{"line":96,"column":63}},"64":{"start":{"line":101,"column":22},"end":{"line":101,"column":36}},"65":{"start":{"line":102,"column":21},"end":{"line":102,"column":48}},"66":{"start":{"line":103,"column":23},"end":{"line":103,"column":50}},"67":{"start":{"line":105,"column":22},"end":{"line":105,"column":30}},"68":{"start":{"line":106,"column":20},"end":{"line":106,"column":30}},"69":{"start":{"line":107,"column":18},"end":{"line":107,"column":33}},"70":{"start":{"line":109,"column":29},"end":{"line":109,"column":82}},"71":{"start":{"line":110,"column":29},"end":{"line":110,"column":82}},"72":{"start":{"line":111,"column":20},"end":{"line":111,"column":53}},"73":{"start":{"line":113,"column":19},"end":{"line":113,"column":143}},"74":{"start":{"line":114,"column":19},"end":{"line":114,"column":149}},"75":{"start":{"line":115,"column":18},"end":{"line":115,"column":55}},"76":{"start":{"line":117,"column":8},"end":{"line":117,"column":39}},"77":{"start":{"line":117,"column":29},"end":{"line":117,"column":39}},"78":{"start":{"line":119,"column":19},"end":{"line":119,"column":119}},"79":{"start":{"line":120,"column":19},"end":{"line":120,"column":119}},"80":{"start":{"line":121,"column":19},"end":{"line":121,"column":119}},"81":{"start":{"line":124,"column":19},"end":{"line":124,"column":125}},"82":{"start":{"line":125,"column":19},"end":{"line":125,"column":125}},"83":{"start":{"line":126,"column":19},"end":{"line":126,"column":125}},"84":{"start":{"line":129,"column":18},"end":{"line":129,"column":55}},"85":{"start":{"line":130,"column":18},"end":{"line":130,"column":55}},"86":{"start":{"line":131,"column":18},"end":{"line":131,"column":55}},"87":{"start":{"line":132,"column":8},"end":{"line":132,"column":27}}},"fnMap":{"0":{"name":"(anonymous_0)","decl":{"start":{"line":6,"column":4},"end":{"line":6,"column":5}},"loc":{"start":{"line":6,"column":83},"end":{"line":16,"column":5}},"line":6},"1":{"name":"(anonymous_1)","decl":{"start":{"line":18,"column":4},"end":{"line":18,"column":5}},"loc":{"start":{"line":18,"column":40},"end":{"line":42,"column":5}},"line":18},"2":{"name":"(anonymous_2)","decl":{"start":{"line":44,"column":4},"end":{"line":44,"column":5}},"loc":{"start":{"line":44,"column":21},"end":{"line":55,"column":5}},"line":44},"3":{"name":"(anonymous_3)","decl":{"start":{"line":57,"column":4},"end":{"line":57,"column":5}},"loc":{"start":{"line":57,"column":23},"end":{"line":62,"column":5}},"line":57},"4":{"name":"(anonymous_4)","decl":{"start":{"line":64,"column":4},"end":{"line":64,"column":5}},"loc":{"start":{"line":64,"column":17},"end":{"line":85,"column":5}},"line":64},"5":{"name":"(anonymous_5)","decl":{"start":{"line":87,"column":4},"end":{"line":87,"column":5}},"loc":{"start":{"line":87,"column":15},"end":{"line":89,"column":5}},"line":87},"6":{"name":"(anonymous_6)","decl":{"start":{"line":91,"column":4},"end":{"line":91,"column":5}},"loc":{"start":{"line":91,"column":14},"end":{"line":98,"column":5}},"line":91},"7":{"name":"(anonymous_7)","decl":{"start":{"line":100,"column":4},"end":{"line":100,"column":5}},"loc":{"start":{"line":100,"column":40},"end":{"line":133,"column":5}},"line":100}},"branchMap":{"0":{"loc":{"start":{"line":6,"column":37},"end":{"line":6,"column":45}},"type":"default-arg","locations":[{"start":{"line":6,"column":44},"end":{"line":6,"column":45}}],"line":6},"1":{"loc":{"start":{"line":6,"column":47},"end":{"line":6,"column":60}},"type":"default-arg","locations":[{"start":{"line":6,"column":56},"end":{"line":6,"column":60}}],"line":6},"2":{"loc":{"start":{"line":6,"column":62},"end":{"line":6,"column":81}},"type":"default-arg","locations":[{"start":{"line":6,"column":75},"end":{"line":6,"column":81}}],"line":6},"3":{"loc":{"start":{"line":30,"column":20},"end":{"line":30,"column":80}},"type":"cond-expr","locations":[{"start":{"line":30,"column":32},"end":{"line":30,"column":33}},{"start":{"line":30,"column":36},"end":{"line":30,"column":80}}],"line":30},"4":{"loc":{"start":{"line":32,"column":8},"end":{"line":34,"column":9}},"type":"if","locations":[{"start":{"line":32,"column":8},"end":{"line":34,"column":9}},{"start":{},"end":{}}],"line":32},"5":{"loc":{"start":{"line":45,"column":22},"end":{"line":45,"column":63}},"type":"cond-expr","locations":[{"start":{"line":45,"column":45},"end":{"line":45,"column":46}},{"start":{"line":45,"column":49},"end":{"line":45,"column":63}}],"line":45},"6":{"loc":{"start":{"line":48,"column":8},"end":{"line":53,"column":9}},"type":"switch","locations":[{"start":{"line":49,"column":12},"end":{"line":50,"column":90}},{"start":{"line":51,"column":12},"end":{"line":52,"column":303}}],"line":48},"7":{"loc":{"start":{"line":58,"column":22},"end":{"line":58,"column":63}},"type":"cond-expr","locations":[{"start":{"line":58,"column":45},"end":{"line":58,"column":46}},{"start":{"line":58,"column":49},"end":{"line":58,"column":63}}],"line":58},"8":{"loc":{"start":{"line":92,"column":8},"end":{"line":97,"column":9}},"type":"switch","locations":[{"start":{"line":93,"column":12},"end":{"line":94,"column":44}},{"start":{"line":95,"column":12},"end":{"line":96,"column":63}}],"line":92},"9":{"loc":{"start":{"line":117,"column":8},"end":{"line":117,"column":39}},"type":"if","locations":[{"start":{"line":117,"column":8},"end":{"line":117,"column":39}},{"start":{},"end":{}}],"line":117}},"s":{"0":0,"1":0,"2":0,"3":0,"4":0,"5":0,"6":0,"7":0,"8":0,"9":0,"10":0,"11":0,"12":0,"13":0,"14":0,"15":0,"16":0,"17":0,"18":0,"19":0,"20":0,"21":0,"22":0,"23":0,"24":0,"25":0,"26":0,"27":0,"28":0,"29":0,"30":0,"31":0,"32":0,"33":0,"34":0,"35":0,"36":0,"37":0,"38":0,"39":0,"40":0,"41":0,"42":0,"43":0,"44":0,"45":0,"46":0,"47":0,"48":0,"49":0,"50":0,"51":0,"52":0,"53":0,"54":0,"55":0,"56":0,"57":0,"58":0,"59":0,"60":0,"61":0,"62":0,"63":0,"64":0,"65":0,"66":0,"67":0,"68":0,"69":0,"70":0,"71":0,"72":0,"73":0,"74":0,"75":0,"76":0,"77":0,"78":0,"79":0,"80":0,"81":0,"82":0,"83":0,"84":0,"85":0,"86":0,"87":0},"f":{"0":0,"1":0,"2":0,"3":0,"4":0,"5":0,"6":0,"7":0},"b":{"0":[0],"1":[0],"2":[0],"3":[0,0],"4":[0,0],"5":[0,0],"6":[0,0],"7":[0,0],"8":[0,0],"9":[0,0]},"_coverageSchema":"1a1c01bbd47fc00a2c39e90264f33305004495a9","hash":"32012d81ec27421a245e2f659f43e839f16ac45b"}
,"/Users/gagaisyou/person/CanvasRender/src/index.js": {"path":"/Users/gagaisyou/person/CanvasRender/src/index.js","statementMap":{},"fnMap":{},"branchMap":{},"s":{},"f":{},"b":{}}
,"/Users/gagaisyou/person/CanvasRender/src/Camera/index.js": {"path":"/Users/gagaisyou/person/CanvasRender/src/Camera/index.js","statementMap":{"0":{"start":{"line":6,"column":25},"end":{"line":6,"column":50}},"1":{"start":{"line":7,"column":23},"end":{"line":7,"column":48}},"2":{"start":{"line":8,"column":23},"end":{"line":8,"column":48}},"3":{"start":{"line":10,"column":8},"end":{"line":10,"column":43}},"4":{"start":{"line":11,"column":8},"end":{"line":11,"column":40}},"5":{"start":{"line":12,"column":8},"end":{"line":12,"column":24}},"6":{"start":{"line":13,"column":8},"end":{"line":13,"column":55}},"7":{"start":{"line":14,"column":8},"end":{"line":14,"column":50}},"8":{"start":{"line":15,"column":8},"end":{"line":15,"column":38}},"9":{"start":{"line":16,"column":29},"end":{"line":16,"column":41}},"10":{"start":{"line":17,"column":29},"end":{"line":17,"column":41}},"11":{"start":{"line":18,"column":29},"end":{"line":18,"column":41}},"12":{"start":{"line":19,"column":33},"end":{"line":19,"column":45}},"13":{"start":{"line":20,"column":8},"end":{"line":20,"column":25}},"14":{"start":{"line":21,"column":8},"end":{"line":21,"column":43}},"15":{"start":{"line":22,"column":8},"end":{"line":22,"column":34}},"16":{"start":{"line":23,"column":8},"end":{"line":40,"column":21}},"17":{"start":{"line":41,"column":8},"end":{"line":41,"column":79}},"18":{"start":{"line":42,"column":8},"end":{"line":42,"column":46}},"19":{"start":{"line":46,"column":28},"end":{"line":63,"column":10}},"20":{"start":{"line":64,"column":8},"end":{"line":70,"column":9}},"21":{"start":{"line":65,"column":12},"end":{"line":65,"column":26}},"22":{"start":{"line":66,"column":12},"end":{"line":66,"column":28}},"23":{"start":{"line":67,"column":12},"end":{"line":67,"column":26}},"24":{"start":{"line":68,"column":12},"end":{"line":68,"column":25}},"25":{"start":{"line":69,"column":12},"end":{"line":69,"column":33}},"26":{"start":{"line":71,"column":8},"end":{"line":71,"column":77}},"27":{"start":{"line":75,"column":34},"end":{"line":92,"column":10}},"28":{"start":{"line":93,"column":8},"end":{"line":93,"column":84}},"29":{"start":{"line":94,"column":8},"end":{"line":94,"column":82}},"30":{"start":{"line":95,"column":8},"end":{"line":95,"column":42}},"31":{"start":{"line":96,"column":8},"end":{"line":96,"column":25}},"32":{"start":{"line":97,"column":8},"end":{"line":97,"column":23}},"33":{"start":{"line":98,"column":8},"end":{"line":98,"column":29}},"34":{"start":{"line":99,"column":8},"end":{"line":99,"column":92}},"35":{"start":{"line":103,"column":8},"end":{"line":103,"column":124}},"36":{"start":{"line":107,"column":8},"end":{"line":107,"column":68}},"37":{"start":{"line":108,"column":8},"end":{"line":108,"column":96}},"38":{"start":{"line":112,"column":8},"end":{"line":112,"column":71}},"39":{"start":{"line":113,"column":8},"end":{"line":113,"column":96}},"40":{"start":{"line":117,"column":19},"end":{"line":117,"column":52}},"41":{"start":{"line":118,"column":19},"end":{"line":118,"column":53}},"42":{"start":{"line":120,"column":20},"end":{"line":120,"column":66}},"43":{"start":{"line":121,"column":20},"end":{"line":121,"column":68}},"44":{"start":{"line":122,"column":20},"end":{"line":122,"column":67}},"45":{"start":{"line":123,"column":20},"end":{"line":123,"column":67}},"46":{"start":{"line":124,"column":20},"end":{"line":124,"column":48}},"47":{"start":{"line":125,"column":20},"end":{"line":125,"column":50}},"48":{"start":{"line":126,"column":20},"end":{"line":126,"column":49}},"49":{"start":{"line":127,"column":20},"end":{"line":127,"column":49}},"50":{"start":{"line":128,"column":8},"end":{"line":128,"column":125}},"51":{"start":{"line":132,"column":8},"end":{"line":132,"column":70}},"52":{"start":{"line":133,"column":8},"end":{"line":133,"column":119}}},"fnMap":{"0":{"name":"(anonymous_0)","decl":{"start":{"line":5,"column":4},"end":{"line":5,"column":5}},"loc":{"start":{"line":5,"column":55},"end":{"line":43,"column":5}},"line":5},"1":{"name":"(anonymous_1)","decl":{"start":{"line":45,"column":4},"end":{"line":45,"column":5}},"loc":{"start":{"line":45,"column":61},"end":{"line":72,"column":5}},"line":45},"2":{"name":"(anonymous_2)","decl":{"start":{"line":74,"column":4},"end":{"line":74,"column":5}},"loc":{"start":{"line":74,"column":44},"end":{"line":100,"column":5}},"line":74},"3":{"name":"(anonymous_3)","decl":{"start":{"line":102,"column":4},"end":{"line":102,"column":5}},"loc":{"start":{"line":102,"column":31},"end":{"line":104,"column":5}},"line":102},"4":{"name":"(anonymous_4)","decl":{"start":{"line":106,"column":4},"end":{"line":106,"column":5}},"loc":{"start":{"line":106,"column":20},"end":{"line":109,"column":5}},"line":106},"5":{"name":"(anonymous_5)","decl":{"start":{"line":111,"column":4},"end":{"line":111,"column":5}},"loc":{"start":{"line":111,"column":23},"end":{"line":114,"column":5}},"line":111},"6":{"name":"(anonymous_6)","decl":{"start":{"line":116,"column":4},"end":{"line":116,"column":5}},"loc":{"start":{"line":116,"column":21},"end":{"line":129,"column":5}},"line":116},"7":{"name":"(anonymous_7)","decl":{"start":{"line":131,"column":4},"end":{"line":131,"column":5}},"loc":{"start":{"line":131,"column":30},"end":{"line":134,"column":5}},"line":131}},"branchMap":{"0":{"loc":{"start":{"line":45,"column":13},"end":{"line":45,"column":18}},"type":"default-arg","locations":[{"start":{"line":45,"column":17},"end":{"line":45,"column":18}}],"line":45},"1":{"loc":{"start":{"line":45,"column":20},"end":{"line":45,"column":25}},"type":"default-arg","locations":[{"start":{"line":45,"column":24},"end":{"line":45,"column":25}}],"line":45},"2":{"loc":{"start":{"line":45,"column":27},"end":{"line":45,"column":32}},"type":"default-arg","locations":[{"start":{"line":45,"column":31},"end":{"line":45,"column":32}}],"line":45},"3":{"loc":{"start":{"line":45,"column":34},"end":{"line":45,"column":39}},"type":"default-arg","locations":[{"start":{"line":45,"column":38},"end":{"line":45,"column":39}}],"line":45},"4":{"loc":{"start":{"line":45,"column":41},"end":{"line":45,"column":46}},"type":"default-arg","locations":[{"start":{"line":45,"column":45},"end":{"line":45,"column":46}}],"line":45},"5":{"loc":{"start":{"line":45,"column":48},"end":{"line":45,"column":53}},"type":"default-arg","locations":[{"start":{"line":45,"column":52},"end":{"line":45,"column":53}}],"line":45},"6":{"loc":{"start":{"line":64,"column":8},"end":{"line":70,"column":9}},"type":"if","locations":[{"start":{"line":64,"column":8},"end":{"line":70,"column":9}},{"start":{},"end":{}}],"line":64}},"s":{"0":0,"1":0,"2":0,"3":0,"4":0,"5":0,"6":0,"7":0,"8":0,"9":0,"10":0,"11":0,"12":0,"13":0,"14":0,"15":0,"16":0,"17":0,"18":0,"19":0,"20":0,"21":0,"22":0,"23":0,"24":0,"25":0,"26":0,"27":0,"28":0,"29":0,"30":0,"31":0,"32":0,"33":0,"34":0,"35":0,"36":0,"37":0,"38":0,"39":0,"40":0,"41":0,"42":0,"43":0,"44":0,"45":0,"46":0,"47":0,"48":0,"49":0,"50":0,"51":0,"52":0},"f":{"0":0,"1":0,"2":0,"3":0,"4":0,"5":0,"6":0,"7":0},"b":{"0":[0],"1":[0],"2":[0],"3":[0],"4":[0],"5":[0],"6":[0,0]}}
,"/Users/gagaisyou/person/CanvasRender/src/Engine/Rasterizer.js": {"path":"/Users/gagaisyou/person/CanvasRender/src/Engine/Rasterizer.js","statementMap":{"0":{"start":{"line":2,"column":13},"end":{"line":2,"column":20}}},"fnMap":{"0":{"name":"Rasterizer","decl":{"start":{"line":1,"column":9},"end":{"line":1,"column":19}},"loc":{"start":{"line":1,"column":39},"end":{"line":3,"column":1}},"line":1}},"branchMap":{},"s":{"0":0},"f":{"0":0},"b":{}}
,"/Users/gagaisyou/person/CanvasRender/src/Engine/index.js": {"path":"/Users/gagaisyou/person/CanvasRender/src/Engine/index.js","statementMap":{"0":{"start":{"line":15,"column":12},"end":{"line":15,"column":19}},"1":{"start":{"line":16,"column":8},"end":{"line":16,"column":26}},"2":{"start":{"line":17,"column":8},"end":{"line":17,"column":22}},"3":{"start":{"line":18,"column":8},"end":{"line":18,"column":48}},"4":{"start":{"line":19,"column":8},"end":{"line":19,"column":45}},"5":{"start":{"line":20,"column":8},"end":{"line":20,"column":47}},"6":{"start":{"line":21,"column":8},"end":{"line":21,"column":30}},"7":{"start":{"line":22,"column":8},"end":{"line":22,"column":25}},"8":{"start":{"line":23,"column":8},"end":{"line":30,"column":11}},"9":{"start":{"line":31,"column":8},"end":{"line":48,"column":11}},"10":{"start":{"line":49,"column":8},"end":{"line":49,"column":32}},"11":{"start":{"line":50,"column":8},"end":{"line":67,"column":11}},"12":{"start":{"line":68,"column":8},"end":{"line":68,"column":56}},"13":{"start":{"line":72,"column":8},"end":{"line":89,"column":9}},"14":{"start":{"line":73,"column":26},"end":{"line":73,"column":31}},"15":{"start":{"line":74,"column":12},"end":{"line":77,"column":13}},"16":{"start":{"line":75,"column":16},"end":{"line":75,"column":42}},"17":{"start":{"line":76,"column":16},"end":{"line":76,"column":56}},"18":{"start":{"line":78,"column":31},"end":{"line":78,"column":48}},"19":{"start":{"line":79,"column":12},"end":{"line":79,"column":28}},"20":{"start":{"line":80,"column":12},"end":{"line":80,"column":65}},"21":{"start":{"line":81,"column":12},"end":{"line":83,"column":13}},"22":{"start":{"line":81,"column":25},"end":{"line":81,"column":26}},"23":{"start":{"line":82,"column":16},"end":{"line":82,"column":90}},"24":{"start":{"line":84,"column":12},"end":{"line":87,"column":13}},"25":{"start":{"line":84,"column":25},"end":{"line":84,"column":26}},"26":{"start":{"line":85,"column":16},"end":{"line":85,"column":64}},"27":{"start":{"line":85,"column":56},"end":{"line":85,"column":64}},"28":{"start":{"line":86,"column":16},"end":{"line":86,"column":64}},"29":{"start":{"line":88,"column":12},"end":{"line":88,"column":58}},"30":{"start":{"line":94,"column":18},"end":{"line":94,"column":20}},"31":{"start":{"line":95,"column":8},"end":{"line":103,"column":9}},"32":{"start":{"line":95,"column":21},"end":{"line":95,"column":22}},"33":{"start":{"line":96,"column":20},"end":{"line":96,"column":21}},"34":{"start":{"line":97,"column":12},"end":{"line":99,"column":13}},"35":{"start":{"line":98,"column":16},"end":{"line":98,"column":81}},"36":{"start":{"line":98,"column":75},"end":{"line":98,"column":81}},"37":{"start":{"line":100,"column":12},"end":{"line":102,"column":13}},"38":{"start":{"line":101,"column":16},"end":{"line":101,"column":33}},"39":{"start":{"line":104,"column":8},"end":{"line":104,"column":19}},"40":{"start":{"line":108,"column":8},"end":{"line":145,"column":9}},"41":{"start":{"line":108,"column":21},"end":{"line":108,"column":22}},"42":{"start":{"line":109,"column":24},"end":{"line":109,"column":35}},"43":{"start":{"line":110,"column":12},"end":{"line":144,"column":13}},"44":{"start":{"line":110,"column":25},"end":{"line":110,"column":26}},"45":{"start":{"line":111,"column":29},"end":{"line":111,"column":41}},"46":{"start":{"line":112,"column":26},"end":{"line":112,"column":53}},"47":{"start":{"line":113,"column":30},"end":{"line":113,"column":32}},"48":{"start":{"line":114,"column":30},"end":{"line":114,"column":32}},"49":{"start":{"line":115,"column":31},"end":{"line":115,"column":33}},"50":{"start":{"line":116,"column":30},"end":{"line":116,"column":32}},"51":{"start":{"line":117,"column":16},"end":{"line":131,"column":17}},"52":{"start":{"line":117,"column":29},"end":{"line":117,"column":30}},"53":{"start":{"line":118,"column":20},"end":{"line":130,"column":21}},"54":{"start":{"line":118,"column":36},"end":{"line":118,"column":37}},"55":{"start":{"line":119,"column":24},"end":{"line":129,"column":25}},"56":{"start":{"line":121,"column":32},"end":{"line":121,"column":81}},"57":{"start":{"line":122,"column":32},"end":{"line":122,"column":71}},"58":{"start":{"line":123,"column":32},"end":{"line":123,"column":38}},"59":{"start":{"line":125,"column":32},"end":{"line":125,"column":75}},"60":{"start":{"line":126,"column":32},"end":{"line":126,"column":38}},"61":{"start":{"line":128,"column":32},"end":{"line":128,"column":75}},"62":{"start":{"line":132,"column":16},"end":{"line":140,"column":17}},"63":{"start":{"line":133,"column":31},"end":{"line":133,"column":56}},"64":{"start":{"line":134,"column":31},"end":{"line":134,"column":56}},"65":{"start":{"line":135,"column":31},"end":{"line":135,"column":56}},"66":{"start":{"line":136,"column":32},"end":{"line":136,"column":44}},"67":{"start":{"line":137,"column":32},"end":{"line":137,"column":44}},"68":{"start":{"line":138,"column":35},"end":{"line":138,"column":61}},"69":{"start":{"line":139,"column":20},"end":{"line":139,"column":69}},"70":{"start":{"line":142,"column":16},"end":{"line":142,"column":73}},"71":{"start":{"line":142,"column":65},"end":{"line":142,"column":73}},"72":{"start":{"line":143,"column":16},"end":{"line":143,"column":84}},"73":{"start":{"line":146,"column":8},"end":{"line":146,"column":30}},"74":{"start":{"line":150,"column":20},"end":{"line":150,"column":26}},"75":{"start":{"line":151,"column":8},"end":{"line":160,"column":9}},"76":{"start":{"line":152,"column":20},"end":{"line":152,"column":31}},"77":{"start":{"line":153,"column":12},"end":{"line":159,"column":13}},"78":{"start":{"line":153,"column":25},"end":{"line":153,"column":26}},"79":{"start":{"line":154,"column":16},"end":{"line":158,"column":17}},"80":{"start":{"line":155,"column":20},"end":{"line":155,"column":45}},"81":{"start":{"line":157,"column":20},"end":{"line":157,"column":57}},"82":{"start":{"line":165,"column":8},"end":{"line":165,"column":39}},"83":{"start":{"line":169,"column":8},"end":{"line":169,"column":27}},"84":{"start":{"line":170,"column":8},"end":{"line":173,"column":11}},"85":{"start":{"line":171,"column":12},"end":{"line":171,"column":31}},"86":{"start":{"line":172,"column":12},"end":{"line":172,"column":31}},"87":{"start":{"line":177,"column":23},"end":{"line":177,"column":60}},"88":{"start":{"line":178,"column":8},"end":{"line":178,"column":55}},"89":{"start":{"line":179,"column":8},"end":{"line":179,"column":51}},"90":{"start":{"line":180,"column":8},"end":{"line":180,"column":36}},"91":{"start":{"line":181,"column":27},"end":{"line":181,"column":44}},"92":{"start":{"line":182,"column":8},"end":{"line":184,"column":9}},"93":{"start":{"line":182,"column":21},"end":{"line":182,"column":22}},"94":{"start":{"line":183,"column":12},"end":{"line":183,"column":93}},"95":{"start":{"line":185,"column":22},"end":{"line":185,"column":83}},"96":{"start":{"line":186,"column":8},"end":{"line":200,"column":9}},"97":{"start":{"line":186,"column":21},"end":{"line":186,"column":22}},"98":{"start":{"line":187,"column":24},"end":{"line":187,"column":41}},"99":{"start":{"line":188,"column":12},"end":{"line":199,"column":13}},"100":{"start":{"line":188,"column":25},"end":{"line":188,"column":26}},"101":{"start":{"line":189,"column":29},"end":{"line":189,"column":41}},"102":{"start":{"line":190,"column":27},"end":{"line":190,"column":29}},"103":{"start":{"line":191,"column":26},"end":{"line":191,"column":28}},"104":{"start":{"line":192,"column":16},"end":{"line":195,"column":17}},"105":{"start":{"line":192,"column":29},"end":{"line":192,"column":30}},"106":{"start":{"line":193,"column":20},"end":{"line":193,"column":72}},"107":{"start":{"line":194,"column":20},"end":{"line":194,"column":61}},"108":{"start":{"line":196,"column":16},"end":{"line":198,"column":17}},"109":{"start":{"line":196,"column":29},"end":{"line":196,"column":30}},"110":{"start":{"line":197,"column":20},"end":{"line":197,"column":135}},"111":{"start":{"line":201,"column":28},"end":{"line":201,"column":103}},"112":{"start":{"line":202,"column":8},"end":{"line":202,"column":44}},"113":{"start":{"line":204,"column":24},"end":{"line":204,"column":55}},"114":{"start":{"line":205,"column":21},"end":{"line":205,"column":45}},"115":{"start":{"line":206,"column":18},"end":{"line":206,"column":34}},"116":{"start":{"line":207,"column":8},"end":{"line":207,"column":28}},"117":{"start":{"line":208,"column":8},"end":{"line":208,"column":29}},"118":{"start":{"line":209,"column":23},"end":{"line":209,"column":53}},"119":{"start":{"line":210,"column":8},"end":{"line":219,"column":9}},"120":{"start":{"line":210,"column":21},"end":{"line":210,"column":22}},"121":{"start":{"line":211,"column":12},"end":{"line":218,"column":13}},"122":{"start":{"line":211,"column":25},"end":{"line":211,"column":26}},"123":{"start":{"line":212,"column":26},"end":{"line":212,"column":45}},"124":{"start":{"line":213,"column":29},"end":{"line":213,"column":49}},"125":{"start":{"line":214,"column":16},"end":{"line":214,"column":45}},"126":{"start":{"line":215,"column":16},"end":{"line":215,"column":49}},"127":{"start":{"line":216,"column":16},"end":{"line":216,"column":49}},"128":{"start":{"line":217,"column":16},"end":{"line":217,"column":42}},"129":{"start":{"line":220,"column":8},"end":{"line":220,"column":39}}},"fnMap":{"0":{"name":"(anonymous_0)","decl":{"start":{"line":9,"column":4},"end":{"line":9,"column":5}},"loc":{"start":{"line":9,"column":30},"end":{"line":69,"column":5}},"line":9},"1":{"name":"(anonymous_1)","decl":{"start":{"line":71,"column":4},"end":{"line":71,"column":5}},"loc":{"start":{"line":71,"column":32},"end":{"line":91,"column":5}},"line":71},"2":{"name":"(anonymous_2)","decl":{"start":{"line":93,"column":4},"end":{"line":93,"column":5}},"loc":{"start":{"line":93,"column":30},"end":{"line":105,"column":5}},"line":93},"3":{"name":"(anonymous_3)","decl":{"start":{"line":107,"column":4},"end":{"line":107,"column":5}},"loc":{"start":{"line":107,"column":44},"end":{"line":147,"column":5}},"line":107},"4":{"name":"(anonymous_4)","decl":{"start":{"line":149,"column":4},"end":{"line":149,"column":5}},"loc":{"start":{"line":149,"column":28},"end":{"line":162,"column":5}},"line":149},"5":{"name":"(anonymous_5)","decl":{"start":{"line":164,"column":4},"end":{"line":164,"column":5}},"loc":{"start":{"line":164,"column":17},"end":{"line":166,"column":5}},"line":164},"6":{"name":"(anonymous_6)","decl":{"start":{"line":168,"column":4},"end":{"line":168,"column":5}},"loc":{"start":{"line":168,"column":18},"end":{"line":174,"column":5}},"line":168},"7":{"name":"(anonymous_7)","decl":{"start":{"line":170,"column":30},"end":{"line":170,"column":31}},"loc":{"start":{"line":170,"column":36},"end":{"line":173,"column":9}},"line":170},"8":{"name":"(anonymous_8)","decl":{"start":{"line":176,"column":4},"end":{"line":176,"column":5}},"loc":{"start":{"line":176,"column":24},"end":{"line":221,"column":5}},"line":176}},"branchMap":{"0":{"loc":{"start":{"line":11,"column":12},"end":{"line":11,"column":30}},"type":"default-arg","locations":[{"start":{"line":11,"column":24},"end":{"line":11,"column":30}}],"line":11},"1":{"loc":{"start":{"line":12,"column":12},"end":{"line":12,"column":26}},"type":"default-arg","locations":[{"start":{"line":12,"column":25},"end":{"line":12,"column":26}}],"line":12},"2":{"loc":{"start":{"line":13,"column":12},"end":{"line":13,"column":31}},"type":"default-arg","locations":[{"start":{"line":13,"column":20},"end":{"line":13,"column":31}}],"line":13},"3":{"loc":{"start":{"line":14,"column":12},"end":{"line":14,"column":27}},"type":"default-arg","locations":[{"start":{"line":14,"column":21},"end":{"line":14,"column":27}}],"line":14},"4":{"loc":{"start":{"line":72,"column":8},"end":{"line":89,"column":9}},"type":"if","locations":[{"start":{"line":72,"column":8},"end":{"line":89,"column":9}},{"start":{},"end":{}}],"line":72},"5":{"loc":{"start":{"line":74,"column":12},"end":{"line":77,"column":13}},"type":"if","locations":[{"start":{"line":74,"column":12},"end":{"line":77,"column":13}},{"start":{},"end":{}}],"line":74},"6":{"loc":{"start":{"line":80,"column":12},"end":{"line":80,"column":65}},"type":"binary-expr","locations":[{"start":{"line":80,"column":12},"end":{"line":80,"column":37}},{"start":{"line":80,"column":41},"end":{"line":80,"column":65}}],"line":80},"7":{"loc":{"start":{"line":85,"column":16},"end":{"line":85,"column":64}},"type":"if","locations":[{"start":{"line":85,"column":16},"end":{"line":85,"column":64}},{"start":{},"end":{}}],"line":85},"8":{"loc":{"start":{"line":98,"column":16},"end":{"line":98,"column":81}},"type":"if","locations":[{"start":{"line":98,"column":16},"end":{"line":98,"column":81}},{"start":{},"end":{}}],"line":98},"9":{"loc":{"start":{"line":100,"column":12},"end":{"line":102,"column":13}},"type":"if","locations":[{"start":{"line":100,"column":12},"end":{"line":102,"column":13}},{"start":{},"end":{}}],"line":100},"10":{"loc":{"start":{"line":107,"column":33},"end":{"line":107,"column":42}},"type":"default-arg","locations":[{"start":{"line":107,"column":40},"end":{"line":107,"column":42}}],"line":107},"11":{"loc":{"start":{"line":119,"column":24},"end":{"line":129,"column":25}},"type":"switch","locations":[{"start":{"line":120,"column":28},"end":{"line":123,"column":38}},{"start":{"line":124,"column":28},"end":{"line":126,"column":38}},{"start":{"line":127,"column":28},"end":{"line":128,"column":75}}],"line":119},"12":{"loc":{"start":{"line":132,"column":16},"end":{"line":140,"column":17}},"type":"if","locations":[{"start":{"line":132,"column":16},"end":{"line":140,"column":17}},{"start":{},"end":{}}],"line":132},"13":{"loc":{"start":{"line":142,"column":16},"end":{"line":142,"column":73}},"type":"if","locations":[{"start":{"line":142,"column":16},"end":{"line":142,"column":73}},{"start":{},"end":{}}],"line":142},"14":{"loc":{"start":{"line":154,"column":16},"end":{"line":158,"column":17}},"type":"if","locations":[{"start":{"line":154,"column":16},"end":{"line":158,"column":17}},{"start":{"line":156,"column":23},"end":{"line":158,"column":17}}],"line":154}},"s":{"0":0,"1":0,"2":0,"3":0,"4":0,"5":0,"6":0,"7":0,"8":0,"9":0,"10":0,"11":0,"12":0,"13":0,"14":0,"15":0,"16":0,"17":0,"18":0,"19":0,"20":0,"21":0,"22":0,"23":0,"24":0,"25":0,"26":0,"27":0,"28":0,"29":0,"30":0,"31":0,"32":0,"33":0,"34":0,"35":0,"36":0,"37":0,"38":0,"39":0,"40":0,"41":0,"42":0,"43":0,"44":0,"45":0,"46":0,"47":0,"48":0,"49":0,"50":0,"51":0,"52":0,"53":0,"54":0,"55":0,"56":0,"57":0,"58":0,"59":0,"60":0,"61":0,"62":0,"63":0,"64":0,"65":0,"66":0,"67":0,"68":0,"69":0,"70":0,"71":0,"72":0,"73":0,"74":0,"75":0,"76":0,"77":0,"78":0,"79":0,"80":0,"81":0,"82":0,"83":0,"84":0,"85":0,"86":0,"87":0,"88":0,"89":0,"90":0,"91":0,"92":0,"93":0,"94":0,"95":0,"96":0,"97":0,"98":0,"99":0,"100":0,"101":0,"102":0,"103":0,"104":0,"105":0,"106":0,"107":0,"108":0,"109":0,"110":0,"111":0,"112":0,"113":0,"114":0,"115":0,"116":0,"117":0,"118":0,"119":0,"120":0,"121":0,"122":0,"123":0,"124":0,"125":0,"126":0,"127":0,"128":0,"129":0},"f":{"0":0,"1":0,"2":0,"3":0,"4":0,"5":0,"6":0,"7":0,"8":0},"b":{"0":[0],"1":[0],"2":[0],"3":[0],"4":[0,0],"5":[0,0],"6":[0,0],"7":[0,0],"8":[0,0],"9":[0,0],"10":[0],"11":[0,0,0],"12":[0,0],"13":[0,0],"14":[0,0]}}
,"/Users/gagaisyou/person/CanvasRender/src/Geometry/Object3D.js": {"path":"/Users/gagaisyou/person/CanvasRender/src/Geometry/Object3D.js","statementMap":{"0":{"start":{"line":9,"column":26},"end":{"line":13,"column":1}},"1":{"start":{"line":17,"column":8},"end":{"line":17,"column":32}},"2":{"start":{"line":18,"column":8},"end":{"line":18,"column":30}},"3":{"start":{"line":19,"column":8},"end":{"line":19,"column":38}},"4":{"start":{"line":20,"column":8},"end":{"line":20,"column":36}},"5":{"start":{"line":21,"column":8},"end":{"line":21,"column":38}},"6":{"start":{"line":22,"column":8},"end":{"line":22,"column":32}},"7":{"start":{"line":23,"column":8},"end":{"line":23,"column":23}},"8":{"start":{"line":24,"column":8},"end":{"line":24,"column":27}},"9":{"start":{"line":25,"column":8},"end":{"line":25,"column":34}},"10":{"start":{"line":26,"column":8},"end":{"line":26,"column":39}},"11":{"start":{"line":27,"column":8},"end":{"line":27,"column":29}},"12":{"start":{"line":28,"column":8},"end":{"line":28,"column":25}},"13":{"start":{"line":29,"column":8},"end":{"line":29,"column":43}},"14":{"start":{"line":30,"column":8},"end":{"line":30,"column":38}},"15":{"start":{"line":34,"column":8},"end":{"line":41,"column":9}},"16":{"start":{"line":35,"column":12},"end":{"line":39,"column":13}},"17":{"start":{"line":35,"column":25},"end":{"line":35,"column":26}},"18":{"start":{"line":36,"column":31},"end":{"line":36,"column":65}},"19":{"start":{"line":37,"column":16},"end":{"line":37,"column":162}},"20":{"start":{"line":38,"column":16},"end":{"line":38,"column":102}},"21":{"start":{"line":40,"column":12},"end":{"line":40,"column":18}},"22":{"start":{"line":42,"column":8},"end":{"line":46,"column":9}},"23":{"start":{"line":42,"column":21},"end":{"line":42,"column":22}},"24":{"start":{"line":43,"column":27},"end":{"line":43,"column":61}},"25":{"start":{"line":44,"column":12},"end":{"line":44,"column":166}},"26":{"start":{"line":45,"column":12},"end":{"line":45,"column":92}},"27":{"start":{"line":47,"column":8},"end":{"line":50,"column":9}},"28":{"start":{"line":47,"column":21},"end":{"line":47,"column":22}},"29":{"start":{"line":48,"column":27},"end":{"line":48,"column":57}},"30":{"start":{"line":49,"column":12},"end":{"line":49,"column":171}},"31":{"start":{"line":54,"column":8},"end":{"line":54,"column":67}},"32":{"start":{"line":58,"column":8},"end":{"line":58,"column":71}},"33":{"start":{"line":62,"column":8},"end":{"line":62,"column":70}},"34":{"start":{"line":66,"column":22},"end":{"line":66,"column":41}},"35":{"start":{"line":67,"column":8},"end":{"line":95,"column":9}},"36":{"start":{"line":67,"column":21},"end":{"line":67,"column":22}},"37":{"start":{"line":68,"column":12},"end":{"line":68,"column":36}},"38":{"start":{"line":68,"column":27},"end":{"line":68,"column":36}},"39":{"start":{"line":69,"column":25},"end":{"line":69,"column":44}},"40":{"start":{"line":70,"column":12},"end":{"line":94,"column":13}},"41":{"start":{"line":72,"column":20},"end":{"line":72,"column":71}},"42":{"start":{"line":73,"column":20},"end":{"line":73,"column":26}},"43":{"start":{"line":75,"column":20},"end":{"line":75,"column":61}},"44":{"start":{"line":76,"column":20},"end":{"line":76,"column":26}},"45":{"start":{"line":78,"column":20},"end":{"line":78,"column":70}},"46":{"start":{"line":79,"column":20},"end":{"line":79,"column":26}},"47":{"start":{"line":81,"column":35},"end":{"line":81,"column":89}},"48":{"start":{"line":81,"column":61},"end":{"line":81,"column":88}},"49":{"start":{"line":82,"column":20},"end":{"line":82,"column":62}},"50":{"start":{"line":83,"column":20},"end":{"line":83,"column":43}},"51":{"start":{"line":84,"column":20},"end":{"line":84,"column":26}},"52":{"start":{"line":86,"column":39},"end":{"line":86,"column":76}},"53":{"start":{"line":87,"column":20},"end":{"line":87,"column":55}},"54":{"start":{"line":88,"column":20},"end":{"line":88,"column":26}},"55":{"start":{"line":90,"column":20},"end":{"line":90,"column":55}},"56":{"start":{"line":91,"column":20},"end":{"line":91,"column":26}},"57":{"start":{"line":93,"column":20},"end":{"line":93,"column":44}},"58":{"start":{"line":96,"column":8},"end":{"line":96,"column":20}},"59":{"start":{"line":100,"column":22},"end":{"line":100,"column":41}},"60":{"start":{"line":101,"column":30},"end":{"line":101,"column":34}},"61":{"start":{"line":102,"column":34},"end":{"line":102,"column":36}},"62":{"start":{"line":103,"column":8},"end":{"line":180,"column":9}},"63":{"start":{"line":103,"column":21},"end":{"line":103,"column":22}},"64":{"start":{"line":104,"column":25},"end":{"line":104,"column":44}},"65":{"start":{"line":105,"column":12},"end":{"line":105,"column":44}},"66":{"start":{"line":105,"column":35},"end":{"line":105,"column":44}},"67":{"start":{"line":106,"column":12},"end":{"line":179,"column":13}},"68":{"start":{"line":108,"column":20},"end":{"line":110,"column":21}},"69":{"start":{"line":109,"column":24},"end":{"line":109,"column":76}},"70":{"start":{"line":111,"column":20},"end":{"line":111,"column":85}},"71":{"start":{"line":111,"column":51},"end":{"line":111,"column":85}},"72":{"start":{"line":112,"column":20},"end":{"line":112,"column":53}},"73":{"start":{"line":113,"column":20},"end":{"line":113,"column":50}},"74":{"start":{"line":114,"column":20},"end":{"line":114,"column":26}},"75":{"start":{"line":116,"column":20},"end":{"line":116,"column":82}},"76":{"start":{"line":117,"column":20},"end":{"line":117,"column":26}},"77":{"start":{"line":119,"column":20},"end":{"line":119,"column":82}},"78":{"start":{"line":120,"column":20},"end":{"line":120,"column":26}},"79":{"start":{"line":122,"column":20},"end":{"line":122,"column":82}},"80":{"start":{"line":123,"column":20},"end":{"line":123,"column":26}},"81":{"start":{"line":125,"column":20},"end":{"line":125,"column":67}},"82":{"start":{"line":126,"column":20},"end":{"line":126,"column":26}},"83":{"start":{"line":128,"column":20},"end":{"line":128,"column":50}},"84":{"start":{"line":129,"column":20},"end":{"line":129,"column":26}},"85":{"start":{"line":131,"column":20},"end":{"line":131,"column":50}},"86":{"start":{"line":132,"column":20},"end":{"line":132,"column":26}},"87":{"start":{"line":134,"column":20},"end":{"line":134,"column":49}},"88":{"start":{"line":135,"column":20},"end":{"line":135,"column":26}},"89":{"start":{"line":137,"column":20},"end":{"line":137,"column":53}},"90":{"start":{"line":138,"column":20},"end":{"line":138,"column":26}},"91":{"start":{"line":140,"column":32},"end":{"line":140,"column":43}},"92":{"start":{"line":141,"column":20},"end":{"line":141,"column":55}},"93":{"start":{"line":142,"column":20},"end":{"line":177,"column":21}},"94":{"start":{"line":143,"column":39},"end":{"line":143,"column":73}},"95":{"start":{"line":144,"column":24},"end":{"line":144,"column":48}},"96":{"start":{"line":145,"column":24},"end":{"line":145,"column":50}},"97":{"start":{"line":146,"column":36},"end":{"line":146,"column":59}},"98":{"start":{"line":147,"column":24},"end":{"line":147,"column":48}},"99":{"start":{"line":148,"column":38},"end":{"line":148,"column":90}},"100":{"start":{"line":149,"column":34},"end":{"line":149,"column":64}},"101":{"start":{"line":150,"column":24},"end":{"line":159,"column":25}},"102":{"start":{"line":150,"column":37},"end":{"line":150,"column":38}},"103":{"start":{"line":151,"column":28},"end":{"line":158,"column":29}},"104":{"start":{"line":151,"column":41},"end":{"line":151,"column":42}},"105":{"start":{"line":152,"column":55},"end":{"line":152,"column":98}},"106":{"start":{"line":153,"column":49},"end":{"line":153,"column":74}},"107":{"start":{"line":154,"column":32},"end":{"line":154,"column":69}},"108":{"start":{"line":155,"column":32},"end":{"line":155,"column":77}},"109":{"start":{"line":156,"column":32},"end":{"line":156,"column":77}},"110":{"start":{"line":157,"column":32},"end":{"line":157,"column":77}},"111":{"start":{"line":160,"column":24},"end":{"line":160,"column":88}},"112":{"start":{"line":181,"column":8},"end":{"line":181,"column":60}}},"fnMap":{"0":{"name":"(anonymous_0)","decl":{"start":{"line":16,"column":4},"end":{"line":16,"column":5}},"loc":{"start":{"line":16,"column":78},"end":{"line":31,"column":5}},"line":16},"1":{"name":"(anonymous_1)","decl":{"start":{"line":33,"column":4},"end":{"line":33,"column":5}},"loc":{"start":{"line":33,"column":50},"end":{"line":51,"column":5}},"line":33},"2":{"name":"(anonymous_2)","decl":{"start":{"line":53,"column":4},"end":{"line":53,"column":5}},"loc":{"start":{"line":53,"column":19},"end":{"line":55,"column":5}},"line":53},"3":{"name":"(anonymous_3)","decl":{"start":{"line":57,"column":4},"end":{"line":57,"column":5}},"loc":{"start":{"line":57,"column":24},"end":{"line":59,"column":5}},"line":57},"4":{"name":"(anonymous_4)","decl":{"start":{"line":61,"column":4},"end":{"line":61,"column":5}},"loc":{"start":{"line":61,"column":23},"end":{"line":63,"column":5}},"line":61},"5":{"name":"(anonymous_5)","decl":{"start":{"line":65,"column":4},"end":{"line":65,"column":5}},"loc":{"start":{"line":65,"column":25},"end":{"line":97,"column":5}},"line":65},"6":{"name":"(anonymous_6)","decl":{"start":{"line":81,"column":53},"end":{"line":81,"column":54}},"loc":{"start":{"line":81,"column":61},"end":{"line":81,"column":88}},"line":81},"7":{"name":"(anonymous_7)","decl":{"start":{"line":99,"column":4},"end":{"line":99,"column":5}},"loc":{"start":{"line":99,"column":37},"end":{"line":182,"column":5}},"line":99},"8":{"name":"(anonymous_8)","decl":{"start":{"line":142,"column":33},"end":{"line":142,"column":34}},"loc":{"start":{"line":142,"column":46},"end":{"line":177,"column":21}},"line":142}},"branchMap":{"0":{"loc":{"start":{"line":16,"column":22},"end":{"line":16,"column":35}},"type":"default-arg","locations":[{"start":{"line":16,"column":33},"end":{"line":16,"column":35}}],"line":16},"1":{"loc":{"start":{"line":16,"column":37},"end":{"line":16,"column":49}},"type":"default-arg","locations":[{"start":{"line":16,"column":47},"end":{"line":16,"column":49}}],"line":16},"2":{"loc":{"start":{"line":16,"column":51},"end":{"line":16,"column":64}},"type":"default-arg","locations":[{"start":{"line":16,"column":62},"end":{"line":16,"column":64}}],"line":16},"3":{"loc":{"start":{"line":16,"column":66},"end":{"line":16,"column":76}},"type":"default-arg","locations":[{"start":{"line":16,"column":74},"end":{"line":16,"column":76}}],"line":16},"4":{"loc":{"start":{"line":34,"column":8},"end":{"line":41,"column":9}},"type":"if","locations":[{"start":{"line":34,"column":8},"end":{"line":41,"column":9}},{"start":{},"end":{}}],"line":34},"5":{"loc":{"start":{"line":68,"column":12},"end":{"line":68,"column":36}},"type":"if","locations":[{"start":{"line":68,"column":12},"end":{"line":68,"column":36}},{"start":{},"end":{}}],"line":68},"6":{"loc":{"start":{"line":70,"column":12},"end":{"line":94,"column":13}},"type":"switch","locations":[{"start":{"line":71,"column":16},"end":{"line":73,"column":26}},{"start":{"line":74,"column":16},"end":{"line":76,"column":26}},{"start":{"line":77,"column":16},"end":{"line":79,"column":26}},{"start":{"line":80,"column":16},"end":{"line":84,"column":26}},{"start":{"line":85,"column":16},"end":{"line":88,"column":26}},{"start":{"line":89,"column":16},"end":{"line":91,"column":26}},{"start":{"line":92,"column":16},"end":{"line":93,"column":44}}],"line":70},"7":{"loc":{"start":{"line":105,"column":12},"end":{"line":105,"column":44}},"type":"if","locations":[{"start":{"line":105,"column":12},"end":{"line":105,"column":44}},{"start":{},"end":{}}],"line":105},"8":{"loc":{"start":{"line":106,"column":12},"end":{"line":179,"column":13}},"type":"switch","locations":[{"start":{"line":107,"column":16},"end":{"line":114,"column":26}},{"start":{"line":115,"column":16},"end":{"line":117,"column":26}},{"start":{"line":118,"column":16},"end":{"line":120,"column":26}},{"start":{"line":121,"column":16},"end":{"line":123,"column":26}},{"start":{"line":124,"column":16},"end":{"line":126,"column":26}},{"start":{"line":127,"column":16},"end":{"line":129,"column":26}},{"start":{"line":130,"column":16},"end":{"line":132,"column":26}},{"start":{"line":133,"column":16},"end":{"line":135,"column":26}},{"start":{"line":136,"column":16},"end":{"line":138,"column":26}},{"start":{"line":139,"column":16},"end":{"line":177,"column":21}}],"line":106},"9":{"loc":{"start":{"line":108,"column":20},"end":{"line":110,"column":21}},"type":"if","locations":[{"start":{"line":108,"column":20},"end":{"line":110,"column":21}},{"start":{},"end":{}}],"line":108},"10":{"loc":{"start":{"line":111,"column":20},"end":{"line":111,"column":85}},"type":"if","locations":[{"start":{"line":111,"column":20},"end":{"line":111,"column":85}},{"start":{},"end":{}}],"line":111}},"s":{"0":1,"1":0,"2":0,"3":0,"4":0,"5":0,"6":0,"7":0,"8":0,"9":0,"10":0,"11":0,"12":0,"13":0,"14":0,"15":0,"16":0,"17":0,"18":0,"19":0,"20":0,"21":0,"22":0,"23":0,"24":0,"25":0,"26":0,"27":0,"28":0,"29":0,"30":0,"31":0,"32":0,"33":0,"34":0,"35":0,"36":0,"37":0,"38":0,"39":0,"40":0,"41":0,"42":0,"43":0,"44":0,"45":0,"46":0,"47":0,"48":0,"49":0,"50":0,"51":0,"52":0,"53":0,"54":0,"55":0,"56":0,"57":0,"58":0,"59":0,"60":0,"61":0,"62":0,"63":0,"64":0,"65":0,"66":0,"67":0,"68":0,"69":0,"70":0,"71":0,"72":0,"73":0,"74":0,"75":0,"76":0,"77":0,"78":0,"79":0,"80":0,"81":0,"82":0,"83":0,"84":0,"85":0,"86":0,"87":0,"88":0,"89":0,"90":0,"91":0,"92":0,"93":0,"94":0,"95":0,"96":0,"97":0,"98":0,"99":0,"100":0,"101":0,"102":0,"103":0,"104":0,"105":0,"106":0,"107":0,"108":0,"109":0,"110":0,"111":0,"112":0},"f":{"0":0,"1":0,"2":0,"3":0,"4":0,"5":0,"6":0,"7":0,"8":0},"b":{"0":[0],"1":[0],"2":[0],"3":[0],"4":[0,0],"5":[0,0],"6":[0,0,0,0,0,0,0],"7":[0,0],"8":[0,0,0,0,0,0,0,0,0,0],"9":[0,0],"10":[0,0]},"_coverageSchema":"1a1c01bbd47fc00a2c39e90264f33305004495a9","hash":"249a5c687bcff5aff9f1d88adbac2db974e2bfe7"}
,"/Users/gagaisyou/person/CanvasRender/src/Geometry/utils.js": {"path":"/Users/gagaisyou/person/CanvasRender/src/Geometry/utils.js","statementMap":{"0":{"start":{"line":4,"column":2},"end":{"line":13,"column":5}},"1":{"start":{"line":5,"column":16},"end":{"line":5,"column":36}},"2":{"start":{"line":6,"column":4},"end":{"line":10,"column":6}},"3":{"start":{"line":7,"column":6},"end":{"line":9,"column":7}},"4":{"start":{"line":8,"column":8},"end":{"line":8,"column":34}},"5":{"start":{"line":11,"column":4},"end":{"line":11,"column":32}},"6":{"start":{"line":12,"column":4},"end":{"line":12,"column":15}},"7":{"start":{"line":17,"column":2},"end":{"line":22,"column":5}},"8":{"start":{"line":18,"column":20},"end":{"line":18,"column":49}},"9":{"start":{"line":19,"column":19},"end":{"line":19,"column":37}},"10":{"start":{"line":20,"column":19},"end":{"line":20,"column":46}},"11":{"start":{"line":21,"column":4},"end":{"line":21,"column":20}}},"fnMap":{"0":{"name":"read","decl":{"start":{"line":3,"column":22},"end":{"line":3,"column":26}},"loc":{"start":{"line":3,"column":33},"end":{"line":14,"column":1}},"line":3},"1":{"name":"(anonymous_1)","decl":{"start":{"line":4,"column":21},"end":{"line":4,"column":22}},"loc":{"start":{"line":4,"column":42},"end":{"line":13,"column":3}},"line":4},"2":{"name":"(anonymous_2)","decl":{"start":{"line":6,"column":29},"end":{"line":6,"column":30}},"loc":{"start":{"line":6,"column":41},"end":{"line":10,"column":5}},"line":6},"3":{"name":"parseObjFile","decl":{"start":{"line":16,"column":22},"end":{"line":16,"column":34}},"loc":{"start":{"line":16,"column":47},"end":{"line":23,"column":1}},"line":16},"4":{"name":"(anonymous_4)","decl":{"start":{"line":17,"column":21},"end":{"line":17,"column":22}},"loc":{"start":{"line":17,"column":48},"end":{"line":22,"column":3}},"line":17}},"branchMap":{"0":{"loc":{"start":{"line":7,"column":6},"end":{"line":9,"column":7}},"type":"if","locations":[{"start":{"line":7,"column":6},"end":{"line":9,"column":7}},{"start":{},"end":{}}],"line":7},"1":{"loc":{"start":{"line":7,"column":10},"end":{"line":7,"column":52}},"type":"binary-expr","locations":[{"start":{"line":7,"column":10},"end":{"line":7,"column":30}},{"start":{"line":7,"column":34},"end":{"line":7,"column":52}}],"line":7}},"s":{"0":0,"1":0,"2":0,"3":0,"4":0,"5":0,"6":0,"7":0,"8":0,"9":0,"10":0,"11":0},"f":{"0":0,"1":0,"2":0,"3":0,"4":0},"b":{"0":[0,0],"1":[0,0]},"_coverageSchema":"1a1c01bbd47fc00a2c39e90264f33305004495a9","hash":"235ecb82a81f7c57ab792a4f6a7d1a739a9fd476"}
,"/Users/gagaisyou/person/CanvasRender/src/Light/index.js": {"path":"/Users/gagaisyou/person/CanvasRender/src/Light/index.js","statementMap":{"0":{"start":{"line":3,"column":8},"end":{"line":3,"column":33}},"1":{"start":{"line":4,"column":8},"end":{"line":4,"column":35}},"2":{"start":{"line":5,"column":8},"end":{"line":5,"column":25}},"3":{"start":{"line":6,"column":8},"end":{"line":6,"column":27}},"4":{"start":{"line":10,"column":24},"end":{"line":14,"column":1}},"5":{"start":{"line":16,"column":25},"end":{"line":20,"column":1}},"6":{"start":{"line":24,"column":8},"end":{"line":24,"column":58}},"7":{"start":{"line":25,"column":8},"end":{"line":25,"column":27}},"8":{"start":{"line":26,"column":8},"end":{"line":26,"column":32}},"9":{"start":{"line":27,"column":8},"end":{"line":27,"column":34}},"10":{"start":{"line":31,"column":8},"end":{"line":31,"column":51}},"11":{"start":{"line":37,"column":8},"end":{"line":37,"column":65}},"12":{"start":{"line":38,"column":8},"end":{"line":38,"column":27}},"13":{"start":{"line":42,"column":8},"end":{"line":42,"column":49}},"14":{"start":{"line":48,"column":8},"end":{"line":48,"column":42}},"15":{"start":{"line":49,"column":8},"end":{"line":49,"column":27}}},"fnMap":{"0":{"name":"(anonymous_0)","decl":{"start":{"line":2,"column":4},"end":{"line":2,"column":5}},"loc":{"start":{"line":2,"column":43},"end":{"line":7,"column":5}},"line":2},"1":{"name":"(anonymous_1)","decl":{"start":{"line":23,"column":4},"end":{"line":23,"column":5}},"loc":{"start":{"line":23,"column":44},"end":{"line":28,"column":5}},"line":23},"2":{"name":"(anonymous_2)","decl":{"start":{"line":30,"column":4},"end":{"line":30,"column":5}},"loc":{"start":{"line":30,"column":17},"end":{"line":32,"column":5}},"line":30},"3":{"name":"(anonymous_3)","decl":{"start":{"line":36,"column":4},"end":{"line":36,"column":5}},"loc":{"start":{"line":36,"column":45},"end":{"line":39,"column":5}},"line":36},"4":{"name":"(anonymous_4)","decl":{"start":{"line":41,"column":4},"end":{"line":41,"column":5}},"loc":{"start":{"line":41,"column":17},"end":{"line":43,"column":5}},"line":41},"5":{"name":"(anonymous_5)","decl":{"start":{"line":47,"column":4},"end":{"line":47,"column":5}},"loc":{"start":{"line":47,"column":23},"end":{"line":50,"column":5}},"line":47}},"branchMap":{},"s":{"0":0,"1":0,"2":0,"3":0,"4":0,"5":0,"6":0,"7":0,"8":0,"9":0,"10":0,"11":0,"12":0,"13":0,"14":0,"15":0},"f":{"0":0,"1":0,"2":0,"3":0,"4":0,"5":0},"b":{}}
,"/Users/gagaisyou/person/CanvasRender/src/Light/reflectionMode.js": {"path":"/Users/gagaisyou/person/CanvasRender/src/Light/reflectionMode.js","statementMap":{"0":{"start":{"line":6,"column":16},"end":{"line":6,"column":84}},"1":{"start":{"line":7,"column":4},"end":{"line":7,"column":74}},"2":{"start":{"line":11,"column":4},"end":{"line":11,"column":89}},"3":{"start":{"line":15,"column":17},"end":{"line":15,"column":85}},"4":{"start":{"line":16,"column":16},"end":{"line":16,"column":64}},"5":{"start":{"line":17,"column":14},"end":{"line":17,"column":57}},"6":{"start":{"line":18,"column":4},"end":{"line":18,"column":68}}},"fnMap":{"0":{"name":"LambertDiffuse","decl":{"start":{"line":5,"column":16},"end":{"line":5,"column":30}},"loc":{"start":{"line":5,"column":59},"end":{"line":8,"column":1}},"line":5},"1":{"name":"ambient","decl":{"start":{"line":10,"column":16},"end":{"line":10,"column":23}},"loc":{"start":{"line":10,"column":42},"end":{"line":12,"column":1}},"line":10},"2":{"name":"Blinn_Phong","decl":{"start":{"line":14,"column":16},"end":{"line":14,"column":27}},"loc":{"start":{"line":14,"column":62},"end":{"line":19,"column":1}},"line":14}},"branchMap":{},"s":{"0":0,"1":0,"2":0,"3":0,"4":0,"5":0,"6":0},"f":{"0":0,"1":0,"2":0},"b":{}}
,"/Users/gagaisyou/person/CanvasRender/src/Math/MathUtils.js": {"path":"/Users/gagaisyou/person/CanvasRender/src/Math/MathUtils.js","statementMap":{"0":{"start":{"line":4,"column":23},"end":{"line":4,"column":25}},"1":{"start":{"line":5,"column":23},"end":{"line":5,"column":25}},"2":{"start":{"line":6,"column":21},"end":{"line":6,"column":32}},"3":{"start":{"line":7,"column":4},"end":{"line":7,"column":71}},"4":{"start":{"line":11,"column":23},"end":{"line":11,"column":25}},"5":{"start":{"line":12,"column":23},"end":{"line":12,"column":25}},"6":{"start":{"line":13,"column":4},"end":{"line":13,"column":37}},"7":{"start":{"line":17,"column":4},"end":{"line":17,"column":30}},"8":{"start":{"line":21,"column":4},"end":{"line":21,"column":32}},"9":{"start":{"line":25,"column":4},"end":{"line":25,"column":31}},"10":{"start":{"line":29,"column":4},"end":{"line":29,"column":25}},"11":{"start":{"line":33,"column":16},"end":{"line":33,"column":55}},"12":{"start":{"line":34,"column":18},"end":{"line":34,"column":53}},"13":{"start":{"line":35,"column":12},"end":{"line":35,"column":23}},"14":{"start":{"line":36,"column":4},"end":{"line":36,"column":46}},"15":{"start":{"line":36,"column":35},"end":{"line":36,"column":46}},"16":{"start":{"line":37,"column":16},"end":{"line":37,"column":55}},"17":{"start":{"line":38,"column":18},"end":{"line":38,"column":53}},"18":{"start":{"line":40,"column":12},"end":{"line":40,"column":23}},"19":{"start":{"line":41,"column":4},"end":{"line":41,"column":46}},"20":{"start":{"line":41,"column":35},"end":{"line":41,"column":46}},"21":{"start":{"line":42,"column":16},"end":{"line":42,"column":55}},"22":{"start":{"line":43,"column":18},"end":{"line":43,"column":53}},"23":{"start":{"line":45,"column":12},"end":{"line":45,"column":23}},"24":{"start":{"line":46,"column":4},"end":{"line":46,"column":46}},"25":{"start":{"line":46,"column":35},"end":{"line":46,"column":46}},"26":{"start":{"line":47,"column":4},"end":{"line":47,"column":21}},"27":{"start":{"line":51,"column":4},"end":{"line":51,"column":69}},"28":{"start":{"line":55,"column":4},"end":{"line":55,"column":30}},"29":{"start":{"line":55,"column":21},"end":{"line":55,"column":30}},"30":{"start":{"line":56,"column":4},"end":{"line":56,"column":28}},"31":{"start":{"line":60,"column":4},"end":{"line":60,"column":28}},"32":{"start":{"line":64,"column":4},"end":{"line":64,"column":26}},"33":{"start":{"line":69,"column":14},"end":{"line":69,"column":15}},"34":{"start":{"line":70,"column":17},"end":{"line":70,"column":19}},"35":{"start":{"line":71,"column":4},"end":{"line":77,"column":5}},"36":{"start":{"line":71,"column":17},"end":{"line":71,"column":18}},"37":{"start":{"line":72,"column":18},"end":{"line":72,"column":19}},"38":{"start":{"line":73,"column":8},"end":{"line":75,"column":9}},"39":{"start":{"line":73,"column":21},"end":{"line":73,"column":31}},"40":{"start":{"line":74,"column":12},"end":{"line":74,"column":34}},"41":{"start":{"line":76,"column":8},"end":{"line":76,"column":21}},"42":{"start":{"line":78,"column":4},"end":{"line":78,"column":15}},"43":{"start":{"line":82,"column":4},"end":{"line":82,"column":51}},"44":{"start":{"line":86,"column":14},"end":{"line":86,"column":44}},"45":{"start":{"line":87,"column":4},"end":{"line":89,"column":5}},"46":{"start":{"line":87,"column":17},"end":{"line":87,"column":18}},"47":{"start":{"line":88,"column":8},"end":{"line":88,"column":20}},"48":{"start":{"line":90,"column":4},"end":{"line":90,"column":13}},"49":{"start":{"line":94,"column":14},"end":{"line":94,"column":24}},"50":{"start":{"line":95,"column":4},"end":{"line":104,"column":5}},"51":{"start":{"line":95,"column":17},"end":{"line":95,"column":18}},"52":{"start":{"line":96,"column":18},"end":{"line":96,"column":19}},"53":{"start":{"line":97,"column":8},"end":{"line":101,"column":9}},"54":{"start":{"line":97,"column":21},"end":{"line":97,"column":22}},"55":{"start":{"line":98,"column":26},"end":{"line":98,"column":27}},"56":{"start":{"line":99,"column":27},"end":{"line":99,"column":36}},"57":{"start":{"line":100,"column":12},"end":{"line":100,"column":33}}},"fnMap":{"0":{"name":"calcLineValue","decl":{"start":{"line":3,"column":16},"end":{"line":3,"column":29}},"loc":{"start":{"line":3,"column":51},"end":{"line":8,"column":1}},"line":3},"1":{"name":"calcLineK","decl":{"start":{"line":10,"column":16},"end":{"line":10,"column":25}},"loc":{"start":{"line":10,"column":34},"end":{"line":14,"column":1}},"line":10},"2":{"name":"symmetryXY","decl":{"start":{"line":16,"column":16},"end":{"line":16,"column":26}},"loc":{"start":{"line":16,"column":30},"end":{"line":18,"column":1}},"line":16},"3":{"name":"symmetryMinusXY","decl":{"start":{"line":20,"column":16},"end":{"line":20,"column":31}},"loc":{"start":{"line":20,"column":35},"end":{"line":22,"column":1}},"line":20},"4":{"name":"symmetryX","decl":{"start":{"line":24,"column":16},"end":{"line":24,"column":25}},"loc":{"start":{"line":24,"column":29},"end":{"line":26,"column":1}},"line":24},"5":{"name":"symmetryY","decl":{"start":{"line":28,"column":16},"end":{"line":28,"column":25}},"loc":{"start":{"line":28,"column":29},"end":{"line":30,"column":1}},"line":28},"6":{"name":"barycentric","decl":{"start":{"line":32,"column":16},"end":{"line":32,"column":27}},"loc":{"start":{"line":32,"column":80},"end":{"line":48,"column":1}},"line":32},"7":{"name":"pointSide","decl":{"start":{"line":50,"column":9},"end":{"line":50,"column":18}},"loc":{"start":{"line":50,"column":45},"end":{"line":52,"column":1}},"line":50},"8":{"name":"calcLinearInterpolation","decl":{"start":{"line":54,"column":16},"end":{"line":54,"column":39}},"loc":{"start":{"line":54,"column":49},"end":{"line":57,"column":1}},"line":54},"9":{"name":"Interpolation","decl":{"start":{"line":59,"column":16},"end":{"line":59,"column":29}},"loc":{"start":{"line":59,"column":39},"end":{"line":61,"column":1}},"line":59},"10":{"name":"getP","decl":{"start":{"line":63,"column":16},"end":{"line":63,"column":20}},"loc":{"start":{"line":63,"column":30},"end":{"line":65,"column":1}},"line":63},"11":{"name":"Convolve","decl":{"start":{"line":68,"column":16},"end":{"line":68,"column":24}},"loc":{"start":{"line":68,"column":31},"end":{"line":79,"column":1}},"line":68},"12":{"name":"dot","decl":{"start":{"line":81,"column":16},"end":{"line":81,"column":19}},"loc":{"start":{"line":81,"column":26},"end":{"line":83,"column":1}},"line":81},"13":{"name":"normalize","decl":{"start":{"line":85,"column":16},"end":{"line":85,"column":25}},"loc":{"start":{"line":85,"column":29},"end":{"line":91,"column":1}},"line":85},"14":{"name":"convolution","decl":{"start":{"line":93,"column":16},"end":{"line":93,"column":27}},"loc":{"start":{"line":93,"column":41},"end":{"line":105,"column":1}},"line":93}},"branchMap":{"0":{"loc":{"start":{"line":32,"column":64},"end":{"line":32,"column":78}},"type":"default-arg","locations":[{"start":{"line":32,"column":71},"end":{"line":32,"column":78}}],"line":32},"1":{"loc":{"start":{"line":36,"column":4},"end":{"line":36,"column":46}},"type":"if","locations":[{"start":{"line":36,"column":4},"end":{"line":36,"column":46}},{"start":{},"end":{}}],"line":36},"2":{"loc":{"start":{"line":36,"column":8},"end":{"line":36,"column":33}},"type":"binary-expr","locations":[{"start":{"line":36,"column":8},"end":{"line":36,"column":24}},{"start":{"line":36,"column":28},"end":{"line":36,"column":33}}],"line":36},"3":{"loc":{"start":{"line":41,"column":4},"end":{"line":41,"column":46}},"type":"if","locations":[{"start":{"line":41,"column":4},"end":{"line":41,"column":46}},{"start":{},"end":{}}],"line":41},"4":{"loc":{"start":{"line":41,"column":8},"end":{"line":41,"column":33}},"type":"binary-expr","locations":[{"start":{"line":41,"column":8},"end":{"line":41,"column":24}},{"start":{"line":41,"column":28},"end":{"line":41,"column":33}}],"line":41},"5":{"loc":{"start":{"line":46,"column":4},"end":{"line":46,"column":46}},"type":"if","locations":[{"start":{"line":46,"column":4},"end":{"line":46,"column":46}},{"start":{},"end":{}}],"line":46},"6":{"loc":{"start":{"line":46,"column":8},"end":{"line":46,"column":33}},"type":"binary-expr","locations":[{"start":{"line":46,"column":8},"end":{"line":46,"column":24}},{"start":{"line":46,"column":28},"end":{"line":46,"column":33}}],"line":46},"7":{"loc":{"start":{"line":55,"column":4},"end":{"line":55,"column":30}},"type":"if","locations":[{"start":{"line":55,"column":4},"end":{"line":55,"column":30}},{"start":{},"end":{}}],"line":55}},"s":{"0":0,"1":0,"2":0,"3":0,"4":0,"5":0,"6":0,"7":0,"8":0,"9":0,"10":0,"11":4,"12":4,"13":4,"14":4,"15":0,"16":4,"17":4,"18":4,"19":4,"20":0,"21":4,"22":4,"23":4,"24":4,"25":0,"26":4,"27":24,"28":0,"29":0,"30":0,"31":0,"32":0,"33":0,"34":0,"35":0,"36":0,"37":0,"38":0,"39":0,"40":0,"41":0,"42":0,"43":0,"44":0,"45":0,"46":0,"47":0,"48":0,"49":0,"50":0,"51":0,"52":0,"53":0,"54":0,"55":0,"56":0,"57":0},"f":{"0":0,"1":0,"2":0,"3":0,"4":0,"5":0,"6":4,"7":24,"8":0,"9":0,"10":0,"11":0,"12":0,"13":0,"14":0},"b":{"0":[4],"1":[0,4],"2":[4,4],"3":[0,4],"4":[4,4],"5":[0,4],"6":[4,4],"7":[0,0]},"_coverageSchema":"1a1c01bbd47fc00a2c39e90264f33305004495a9","hash":"5487172a3f74fafa7f4dc4c439baeb7470cfb6ab"}
,"/Users/gagaisyou/person/CanvasRender/src/Math/Matrix.js": {"path":"/Users/gagaisyou/person/CanvasRender/src/Math/Matrix.js","statementMap":{"0":{"start":{"line":3,"column":4},"end":{"line":4,"column":65}},"1":{"start":{"line":4,"column":6},"end":{"line":4,"column":65}},"2":{"start":{"line":5,"column":4},"end":{"line":5,"column":18}},"3":{"start":{"line":6,"column":4},"end":{"line":6,"column":18}},"4":{"start":{"line":7,"column":4},"end":{"line":15,"column":5}},"5":{"start":{"line":8,"column":6},"end":{"line":8,"column":23}},"6":{"start":{"line":10,"column":16},"end":{"line":10,"column":56}},"7":{"start":{"line":11,"column":6},"end":{"line":13,"column":7}},"8":{"start":{"line":11,"column":19},"end":{"line":11,"column":20}},"9":{"start":{"line":12,"column":8},"end":{"line":12,"column":35}},"10":{"start":{"line":14,"column":6},"end":{"line":14,"column":21}},"11":{"start":{"line":18,"column":4},"end":{"line":18,"column":46}},"12":{"start":{"line":21,"column":4},"end":{"line":21,"column":47}},"13":{"start":{"line":25,"column":4},"end":{"line":27,"column":5}},"14":{"start":{"line":25,"column":17},"end":{"line":25,"column":18}},"15":{"start":{"line":26,"column":6},"end":{"line":26,"column":23}},"16":{"start":{"line":28,"column":4},"end":{"line":28,"column":16}},"17":{"start":{"line":31,"column":4},"end":{"line":31,"column":34}},"18":{"start":{"line":32,"column":4},"end":{"line":38,"column":5}},"19":{"start":{"line":32,"column":17},"end":{"line":32,"column":18}},"20":{"start":{"line":33,"column":16},"end":{"line":33,"column":19}},"21":{"start":{"line":34,"column":6},"end":{"line":36,"column":7}},"22":{"start":{"line":34,"column":19},"end":{"line":34,"column":20}},"23":{"start":{"line":35,"column":8},"end":{"line":35,"column":49}},"24":{"start":{"line":37,"column":6},"end":{"line":37,"column":23}},"25":{"start":{"line":42,"column":4},"end":{"line":44,"column":5}},"26":{"start":{"line":42,"column":17},"end":{"line":42,"column":18}},"27":{"start":{"line":43,"column":6},"end":{"line":43,"column":30}},"28":{"start":{"line":45,"column":4},"end":{"line":45,"column":16}},"29":{"start":{"line":49,"column":4},"end":{"line":49,"column":42}},"30":{"start":{"line":53,"column":4},"end":{"line":53,"column":69}},"31":{"start":{"line":53,"column":32},"end":{"line":53,"column":69}},"32":{"start":{"line":54,"column":14},"end":{"line":54,"column":16}},"33":{"start":{"line":55,"column":4},"end":{"line":63,"column":5}},"34":{"start":{"line":55,"column":17},"end":{"line":55,"column":18}},"35":{"start":{"line":56,"column":6},"end":{"line":62,"column":7}},"36":{"start":{"line":56,"column":19},"end":{"line":56,"column":20}},"37":{"start":{"line":57,"column":18},"end":{"line":57,"column":19}},"38":{"start":{"line":58,"column":8},"end":{"line":60,"column":9}},"39":{"start":{"line":58,"column":21},"end":{"line":58,"column":22}},"40":{"start":{"line":59,"column":10},"end":{"line":59,"column":48}},"41":{"start":{"line":61,"column":8},"end":{"line":61,"column":34}},"42":{"start":{"line":64,"column":4},"end":{"line":64,"column":27}},"43":{"start":{"line":67,"column":4},"end":{"line":76,"column":5}},"44":{"start":{"line":68,"column":16},"end":{"line":68,"column":18}},"45":{"start":{"line":69,"column":6},"end":{"line":73,"column":7}},"46":{"start":{"line":69,"column":19},"end":{"line":69,"column":20}},"47":{"start":{"line":70,"column":8},"end":{"line":72,"column":9}},"48":{"start":{"line":70,"column":21},"end":{"line":70,"column":22}},"49":{"start":{"line":71,"column":10},"end":{"line":71,"column":36}},"50":{"start":{"line":75,"column":6},"end":{"line":75,"column":29}},"51":{"start":{"line":77,"column":4},"end":{"line":77,"column":24}},"52":{"start":{"line":80,"column":28},"end":{"line":97,"column":6}},"53":{"start":{"line":98,"column":4},"end":{"line":98,"column":42}},"54":{"start":{"line":101,"column":24},"end":{"line":118,"column":6}},"55":{"start":{"line":119,"column":4},"end":{"line":119,"column":38}},"56":{"start":{"line":122,"column":16},"end":{"line":122,"column":35}},"57":{"start":{"line":123,"column":25},"end":{"line":123,"column":37}},"58":{"start":{"line":124,"column":4},"end":{"line":139,"column":5}},"59":{"start":{"line":125,"column":6},"end":{"line":125,"column":58}},"60":{"start":{"line":126,"column":6},"end":{"line":126,"column":59}},"61":{"start":{"line":127,"column":6},"end":{"line":127,"column":58}},"62":{"start":{"line":128,"column":6},"end":{"line":128,"column":58}},"63":{"start":{"line":129,"column":11},"end":{"line":139,"column":5}},"64":{"start":{"line":130,"column":6},"end":{"line":130,"column":58}},"65":{"start":{"line":131,"column":6},"end":{"line":131,"column":58}},"66":{"start":{"line":132,"column":6},"end":{"line":132,"column":59}},"67":{"start":{"line":133,"column":6},"end":{"line":133,"column":58}},"68":{"start":{"line":135,"column":6},"end":{"line":135,"column":58}},"69":{"start":{"line":136,"column":6},"end":{"line":136,"column":59}},"70":{"start":{"line":137,"column":6},"end":{"line":137,"column":58}},"71":{"start":{"line":138,"column":6},"end":{"line":138,"column":58}},"72":{"start":{"line":140,"column":4},"end":{"line":140,"column":39}},"73":{"start":{"line":143,"column":14},"end":{"line":143,"column":26}},"74":{"start":{"line":144,"column":15},"end":{"line":144,"column":34}},"75":{"start":{"line":145,"column":4},"end":{"line":199,"column":5}},"76":{"start":{"line":147,"column":6},"end":{"line":179,"column":7}},"77":{"start":{"line":147,"column":19},"end":{"line":147,"column":20}},"78":{"start":{"line":148,"column":8},"end":{"line":178,"column":9}},"79":{"start":{"line":149,"column":10},"end":{"line":158,"column":11}},"80":{"start":{"line":149,"column":23},"end":{"line":149,"column":28}},"81":{"start":{"line":150,"column":12},"end":{"line":157,"column":13}},"82":{"start":{"line":151,"column":26},"end":{"line":151,"column":78}},"83":{"start":{"line":152,"column":14},"end":{"line":156,"column":15}},"84":{"start":{"line":152,"column":27},"end":{"line":152,"column":28}},"85":{"start":{"line":153,"column":16},"end":{"line":153,"column":75}},"86":{"start":{"line":154,"column":16},"end":{"line":155,"column":53}},"87":{"start":{"line":160,"column":18},"end":{"line":160,"column":23}},"88":{"start":{"line":161,"column":10},"end":{"line":165,"column":11}},"89":{"start":{"line":162,"column":12},"end":{"line":164,"column":13}},"90":{"start":{"line":163,"column":14},"end":{"line":163,"column":20}},"91":{"start":{"line":166,"column":10},"end":{"line":168,"column":11}},"92":{"start":{"line":167,"column":12},"end":{"line":167,"column":57}},"93":{"start":{"line":169,"column":10},"end":{"line":177,"column":11}},"94":{"start":{"line":169,"column":23},"end":{"line":169,"column":24}},"95":{"start":{"line":170,"column":23},"end":{"line":170,"column":46}},"96":{"start":{"line":171,"column":12},"end":{"line":171,"column":62}},"97":{"start":{"line":172,"column":12},"end":{"line":172,"column":43}},"98":{"start":{"line":174,"column":24},"end":{"line":174,"column":50}},"99":{"start":{"line":175,"column":12},"end":{"line":175,"column":68}},"100":{"start":{"line":176,"column":12},"end":{"line":176,"column":47}},"101":{"start":{"line":180,"column":6},"end":{"line":190,"column":7}},"102":{"start":{"line":180,"column":19},"end":{"line":180,"column":32}},"103":{"start":{"line":181,"column":8},"end":{"line":189,"column":9}},"104":{"start":{"line":181,"column":21},"end":{"line":181,"column":26}},"105":{"start":{"line":182,"column":10},"end":{"line":188,"column":11}},"106":{"start":{"line":183,"column":24},"end":{"line":183,"column":76}},"107":{"start":{"line":184,"column":12},"end":{"line":184,"column":40}},"108":{"start":{"line":185,"column":12},"end":{"line":187,"column":13}},"109":{"start":{"line":185,"column":25},"end":{"line":185,"column":26}},"110":{"start":{"line":186,"column":14},"end":{"line":186,"column":79}},"111":{"start":{"line":191,"column":6},"end":{"line":196,"column":7}},"112":{"start":{"line":191,"column":19},"end":{"line":191,"column":20}},"113":{"start":{"line":192,"column":20},"end":{"line":192,"column":47}},"114":{"start":{"line":193,"column":8},"end":{"line":195,"column":9}},"115":{"start":{"line":193,"column":21},"end":{"line":193,"column":22}},"116":{"start":{"line":194,"column":10},"end":{"line":194,"column":46}},"117":{"start":{"line":197,"column":11},"end":{"line":199,"column":5}},"118":{"start":{"line":200,"column":4},"end":{"line":202,"column":5}},"119":{"start":{"line":200,"column":17},"end":{"line":200,"column":18}},"120":{"start":{"line":201,"column":6},"end":{"line":201,"column":42}},"121":{"start":{"line":203,"column":4},"end":{"line":203,"column":15}},"122":{"start":{"line":206,"column":4},"end":{"line":232,"column":5}},"123":{"start":{"line":207,"column":16},"end":{"line":207,"column":17}},"124":{"start":{"line":208,"column":18},"end":{"line":208,"column":50}},"125":{"start":{"line":209,"column":20},"end":{"line":229,"column":7}},"126":{"start":{"line":210,"column":8},"end":{"line":220,"column":9}},"127":{"start":{"line":211,"column":22},"end":{"line":211,"column":23}},"128":{"start":{"line":212,"column":10},"end":{"line":216,"column":11}},"129":{"start":{"line":212,"column":23},"end":{"line":212,"column":37}},"130":{"start":{"line":213,"column":12},"end":{"line":215,"column":13}},"131":{"start":{"line":213,"column":25},"end":{"line":213,"column":30}},"132":{"start":{"line":214,"column":14},"end":{"line":214,"column":43}},"133":{"start":{"line":214,"column":35},"end":{"line":214,"column":43}},"134":{"start":{"line":217,"column":10},"end":{"line":217,"column":
[...]
,"/Users/gagaisyou/person/CanvasRender/src/Render/uils.js": {"path":"/Users/gagaisyou/person/CanvasRender/src/Render/uils.js","statementMap":{"0":{"start":{"line":4,"column":4},"end":{"line":4,"column":233}},"1":{"start":{"line":9,"column":4},"end":{"line":9,"column":68}}},"fnMap":{"0":{"name":"barycentricInterpolation","decl":{"start":{"line":3,"column":16},"end":{"line":3,"column":40}},"loc":{"start":{"line":3,"column":68},"end":{"line":5,"column":1}},"line":3},"1":{"name":"alphaBlender","decl":{"start":{"line":8,"column":16},"end":{"line":8,"column":28}},"loc":{"start":{"line":8,"column":41},"end":{"line":10,"column":1}},"line":8}},"branchMap":{"0":{"loc":{"start":{"line":4,"column":14},"end":{"line":4,"column":27}},"type":"binary-expr","locations":[{"start":{"line":4,"column":14},"end":{"line":4,"column":19}},{"start":{"line":4,"column":23},"end":{"line":4,"column":27}}],"line":4},"1":{"loc":{"start":{"line":4,"column":37},"end":{"line":4,"column":50}},"type":"binary-expr","locations":[{"start":{"line":4,"column":37},"end":{"line":4,"column":42}},{"start":{"line":4,"column":46},"end":{"line":4,"column":50}}],"line":4},"2":{"loc":{"start":{"line":4,"column":60},"end":{"line":4,"column":73}},"type":"binary-expr","locations":[{"start":{"line":4,"column":60},"end":{"line":4,"column":65}},{"start":{"line":4,"column":69},"end":{"line":4,"column":73}}],"line":4},"3":{"loc":{"start":{"line":4,"column":88},"end":{"line":4,"column":101}},"type":"binary-expr","locations":[{"start":{"line":4,"column":88},"end":{"line":4,"column":93}},{"start":{"line":4,"column":97},"end":{"line":4,"column":101}}],"line":4},"4":{"loc":{"start":{"line":4,"column":111},"end":{"line":4,"column":124}},"type":"binary-expr","locations":[{"start":{"line":4,"column":111},"end":{"line":4,"column":116}},{"start":{"line":4,"column":120},"end":{"line":4,"column":124}}],"line":4},"5":{"loc":{"start":{"line":4,"column":134},"end":{"line":4,"column":147}},"type":"binary-expr","locations":[{"start":{"line":4,"column":134},"end":{"line":4,"column":139}},{"start":{"line":4,"column":143},"end":{"line":4,"column":147}}],"line":4},"6":{"loc":{"start":{"line":4,"column":162},"end":{"line":4,"column":175}},"type":"binary-expr","locations":[{"start":{"line":4,"column":162},"end":{"line":4,"column":167}},{"start":{"line":4,"column":171},"end":{"line":4,"column":175}}],"line":4},"7":{"loc":{"start":{"line":4,"column":185},"end":{"line":4,"column":198}},"type":"binary-expr","locations":[{"start":{"line":4,"column":185},"end":{"line":4,"column":190}},{"start":{"line":4,"column":194},"end":{"line":4,"column":198}}],"line":4},"8":{"loc":{"start":{"line":4,"column":208},"end":{"line":4,"column":221}},"type":"binary-expr","locations":[{"start":{"line":4,"column":208},"end":{"line":4,"column":213}},{"start":{"line":4,"column":217},"end":{"line":4,"column":221}}],"line":4}},"s":{"0":0,"1":0},"f":{"0":0,"1":0},"b":{"0":[0,0],"1":[0,0],"2":[0,0],"3":[0,0],"4":[0,0],"5":[0,0],"6":[0,0],"7":[0,0],"8":[0,0]}}
,"/Users/gagaisyou/person/CanvasRender/src/dataStructure/Bvh.js": {"path":"/Users/gagaisyou/person/CanvasRender/src/dataStructure/Bvh.js","statementMap":{"0":{"start":{"line":5,"column":8},"end":{"line":5,"column":28}},"1":{"start":{"line":6,"column":8},"end":{"line":6,"column":25}},"2":{"start":{"line":10,"column":29},"end":{"line":10,"column":36}},"3":{"start":{"line":11,"column":19},"end":{"line":11,"column":31}},"4":{"start":{"line":12,"column":19},"end":{"line":12,"column":31}},"5":{"start":{"line":13,"column":23},"end":{"line":13,"column":47}},"6":{"start":{"line":14,"column":8},"end":{"line":14,"column":69}},"7":{"start":{"line":18,"column":16},"end":{"line":18,"column":100}},"8":{"start":{"line":19,"column":24},"end":{"line":19,"column":75}},"9":{"start":{"line":20,"column":17},"end":{"line":20,"column":35}},"10":{"start":{"line":21,"column":17},"end":{"line":21,"column":28}},"11":{"start":{"line":22,"column":17},"end":{"line":22,"column":64}},"12":{"start":{"line":23,"column":20},"end":{"line":23,"column":27}},"13":{"start":{"line":24,"column":8},"end":{"line":24,"column":35}},"14":{"start":{"line":24,"column":23},"end":{"line":24,"column":35}},"15":{"start":{"line":25,"column":17},"end":{"line":25,"column":48}},"16":{"start":{"line":26,"column":17},"end":{"line":26,"column":48}},"17":{"start":{"line":27,"column":8},"end":{"line":27,"column":42}},"18":{"start":{"line":27,"column":30},"end":{"line":27,"column":42}},"19":{"start":{"line":28,"column":8},"end":{"line":32,"column":9}},"20":{"start":{"line":29,"column":12},"end":{"line":29,"column":54}},"21":{"start":{"line":31,"column":12},"end":{"line":31,"column":101}},"22":{"start":{"line":36,"column":8},"end":{"line":36,"column":35}},"23":{"start":{"line":36,"column":28},"end":{"line":36,"column":35}},"24":{"start":{"line":37,"column":21},"end":{"line":37,"column":30}},"25":{"start":{"line":38,"column":21},"end":{"line":38,"column":22}},"26":{"start":{"line":40,"column":8},"end":{"line":46,"column":9}},"27":{"start":{"line":40,"column":21},"end":{"line":40,"column":22}},"28":{"start":{"line":41,"column":23},"end":{"line":41,"column":50}},"29":{"start":{"line":42,"column":12},"end":{"line":45,"column":13}},"30":{"start":{"line":43,"column":16},"end":{"line":43,"column":30}},"31":{"start":{"line":44,"column":16},"end":{"line":44,"column":35}},"32":{"start":{"line":47,"column":8},"end":{"line":65,"column":9}},"33":{"start":{"line":47,"column":21},"end":{"line":47,"column":22}},"34":{"start":{"line":48,"column":30},"end":{"line":48,"column":31}},"35":{"start":{"line":49,"column":32},"end":{"line":49,"column":38}},"36":{"start":{"line":50,"column":12},"end":{"line":56,"column":13}},"37":{"start":{"line":50,"column":25},"end":{"line":50,"column":26}},"38":{"start":{"line":51,"column":29},"end":{"line":51,"column":56}},"39":{"start":{"line":52,"column":16},"end":{"line":55,"column":17}},"40":{"start":{"line":53,"column":20},"end":{"line":53,"column":39}},"41":{"start":{"line":54,"column":20},"end":{"line":54,"column":45}},"42":{"start":{"line":57,"column":12},"end":{"line":57,"column":43}},"43":{"start":{"line":58,"column":12},"end":{"line":58,"column":171}},"44":{"start":{"line":59,"column":12},"end":{"line":64,"column":13}},"45":{"start":{"line":59,"column":25},"end":{"line":59,"column":26}},"46":{"start":{"line":60,"column":27},"end":{"line":60,"column":54}},"47":{"start":{"line":61,"column":16},"end":{"line":63,"column":17}},"48":{"start":{"line":62,"column":20},"end":{"line":62,"column":33}},"49":{"start":{"line":67,"column":8},"end":{"line":67,"column":63}},"50":{"start":{"line":68,"column":8},"end":{"line":68,"column":30}},"51":{"start":{"line":72,"column":8},"end":{"line":72,"column":41}},"52":{"start":{"line":76,"column":8},"end":{"line":76,"column":25}},"53":{"start":{"line":77,"column":8},"end":{"line":77,"column":25}},"54":{"start":{"line":78,"column":8},"end":{"line":78,"column":25}},"55":{"start":{"line":84,"column":8},"end":{"line":84,"column":28}},"56":{"start":{"line":85,"column":8},"end":{"line":85,"column":25}},"57":{"start":{"line":93,"column":8},"end":{"line":93,"column":40}},"58":{"start":{"line":93,"column":33},"end":{"line":93,"column":40}},"59":{"start":{"line":94,"column":19},"end":{"line":94,"column":36}},"60":{"start":{"line":95,"column":19},"end":{"line":95,"column":36}},"61":{"start":{"line":96,"column":19},"end":{"line":96,"column":36}},"62":{"start":{"line":97,"column":19},"end":{"line":97,"column":36}},"63":{"start":{"line":98,"column":19},"end":{"line":98,"column":36}},"64":{"start":{"line":99,"column":19},"end":{"line":99,"column":36}},"65":{"start":{"line":100,"column":8},"end":{"line":102,"column":9}},"66":{"start":{"line":100,"column":21},"end":{"line":100,"column":22}},"67":{"start":{"line":107,"column":4},"end":{"line":107,"column":107}},"68":{"start":{"line":111,"column":4},"end":{"line":111,"column":57}},"69":{"start":{"line":115,"column":4},"end":{"line":115,"column":57}},"70":{"start":{"line":119,"column":4},"end":{"line":119,"column":42}},"71":{"start":{"line":123,"column":4},"end":{"line":123,"column":80}},"72":{"start":{"line":127,"column":4},"end":{"line":127,"column":56}}},"fnMap":{"0":{"name":"(anonymous_0)","decl":{"start":{"line":4,"column":4},"end":{"line":4,"column":5}},"loc":{"start":{"line":4,"column":24},"end":{"line":7,"column":5}},"line":4},"1":{"name":"(anonymous_1)","decl":{"start":{"line":9,"column":4},"end":{"line":9,"column":5}},"loc":{"start":{"line":9,"column":19},"end":{"line":15,"column":5}},"line":9},"2":{"name":"(anonymous_2)","decl":{"start":{"line":17,"column":4},"end":{"line":17,"column":5}},"loc":{"start":{"line":17,"column":22},"end":{"line":33,"column":5}},"line":17},"3":{"name":"(anonymous_3)","decl":{"start":{"line":35,"column":4},"end":{"line":35,"column":5}},"loc":{"start":{"line":35,"column":17},"end":{"line":69,"column":5}},"line":35},"4":{"name":"(anonymous_4)","decl":{"start":{"line":71,"column":4},"end":{"line":71,"column":5}},"loc":{"start":{"line":71,"column":19},"end":{"line":73,"column":5}},"line":71},"5":{"name":"(anonymous_5)","decl":{"start":{"line":75,"column":4},"end":{"line":75,"column":5}},"loc":{"start":{"line":75,"column":35},"end":{"line":79,"column":5}},"line":75},"6":{"name":"(anonymous_6)","decl":{"start":{"line":83,"column":4},"end":{"line":83,"column":5}},"loc":{"start":{"line":83,"column":24},"end":{"line":86,"column":5}},"line":83},"7":{"name":"(anonymous_7)","decl":{"start":{"line":88,"column":4},"end":{"line":88,"column":5}},"loc":{"start":{"line":88,"column":19},"end":{"line":90,"column":5}},"line":88},"8":{"name":"(anonymous_8)","decl":{"start":{"line":92,"column":4},"end":{"line":92,"column":5}},"loc":{"start":{"line":92,"column":19},"end":{"line":103,"column":5}},"line":92},"9":{"name":"distance","decl":{"start":{"line":106,"column":9},"end":{"line":106,"column":17}},"loc":{"start":{"line":106,"column":26},"end":{"line":108,"column":1}},"line":106},"10":{"name":"subtract","decl":{"start":{"line":110,"column":9},"end":{"line":110,"column":17}},"loc":{"start":{"line":110,"column":26},"end":{"line":112,"column":1}},"line":110},"11":{"name":"add","decl":{"start":{"line":114,"column":9},"end":{"line":114,"column":12}},"loc":{"start":{"line":114,"column":21},"end":{"line":116,"column":1}},"line":114},"12":{"name":"multiply","decl":{"start":{"line":118,"column":9},"end":{"line":118,"column":17}},"loc":{"start":{"line":118,"column":24},"end":{"line":120,"column":1}},"line":118},"13":{"name":"magnitude","decl":{"start":{"line":122,"column":9},"end":{"line":122,"column":18}},"loc":{"start":{"line":122,"column":22},"end":{"line":124,"column":1}},"line":122},"14":{"name":"dot","decl":{"start":{"line":126,"column":9},"end":{"line":126,"column":12}},"loc":{"start":{"line":126,"column":21},"end":{"line":129,"column":1}},"line":126}},"branchMap":{"0":{"loc":{"start":{"line":24,"column":8},"end":{"line":24,"column":35}},"type":"if","locations":[{"start":{"line":24,"column":8},"end":{"line":24,"column":35}},{"start":{},"end":{}}],"line":24},"1":{"loc":{"start":{"line":27,"column":8},"end":{"line":27,"column":42}},"type":"if","locations":[{"start":{"line":27,"column":8},"end":{"line":27,"column":42}},{"start":{},"end":{}}],"line":27},"2":{"loc":{"start":{"line":27,"column":12},"end":{"line":27,"column":28}},"type":"binary-expr","locations":[{"start":{"line":27,"column":12},"end":{"line":27,"column":18}},{"start":{"line":27,"column":22},"end":{"line":27,"column":28}}],"line":27},"3":{"loc":{"start":{"line":28,"column":8},"end":{"line":32,"column":9}},"type":"if","locations":[{"start":{"line":28,"column":8},"end":{"line":32,"column":9}},{"start":{"line":30,"column":15},"end":{"line":32,"column":9}}],"line":28},"4":{"loc":{"start":{"line":36,"column":8},"end":{"line":36,"column":35}},"type":"if","locations":[{"start":{"line":36,"column":8},"end":{"line":36,"column":35}},{"start":{},"end":{}}],"line":36},"5":{"loc":{"start":{"line":42,"column":12},"end":{"line":45,"column":13}},"type":"if","locations":[{"start":{"line":42,"column":12},"end":{"line":45,"column":13}},{"start":{},"end":{}}],"line":42},"6":{"loc":{"start":{"line":52,"column":16},"end":{"line":55,"column":17}},"type":"if","locations":[{"start":{"line":52,"column":16},"end":{"line":55,"column":17}},{"start":{},"end":{}}],"line":52},"7":{"loc":{"start":{"line":61,"column":16},"end":{"line":63,"column":17}},"type":"if","locations":[{"start":{"line":61,"column":16},"end":{"line":63,"column":17}},{"start":{},"end":{}}],"line":61},"8":{"loc":{"start":{"line":75,"column":14},"end":{"line":75,"column":19}},"type":"default-arg","locations":[{"start":{"line":75,"column":18},"end":{"line":75,"column":19}}],"line":75},"9":{"loc":{"start":{"line":75,"column":21},"end":{"line":75,"column":26}},"type":"default-arg","locations":[{"start":{"line":75,"column":25},"end":{"line":75,"column":26}}],"line":75},"10":{"loc":{"start":{"line":75,"column":28},"end":{"line":75,"column":33}},"type":"default-arg","locations":[{"start":{"line":75,"column":32},"end":{"line":75,"column":33}}],"line":75},"11":{"loc":{"start":{"line":93,"column":8},"end":{"line":93,"column":40}},"type":"if","locations":[{"start":{"line":93,"column":8},"end":{"line":93,"column":40}},{"start":{},"end":{}}],"line":93}},"s":{"0":1,"1":1,"2":0,"3":0,"4":0,"5":0,"6":0,"7":1,"8":1,"9":1,"10":1,"11":1,"12":1,"13":1,"14":0,"15":1,"16":1,"17":1,"18":0,"19":1,"20":0,"21":1,"22":1,"23":1,"24":0,"25":0,"26":0,"27":0,"28":0,"29":0,"30":0,"31":0,"32":0,"33":0,"34":0,"35":0,"36":0,"37":0,"38":0,"39":0,"40":0,"41":0,"42":0,"43":0,"44":0,"45":0,"46":0,"47":0,"48":0,"49":0,"50":0,"51":0,"52":0,"53":0,"54":0,"55":0,"56":0,"57":0,"58":0,"59":0,"60":0,"61":0,"62":0,"63":0,"64":0,"65":0,"66":0,"67":0,"68":0,"69":0,"70":0,"71":0,"72":2},"f":{"0":1,"1":0,"2":1,"3":1,"4":0,"5":0,"6":0,"7":0,"8":0,"9":0,"10":0,"11":0,"12":0,"13":0,"14":2},"b":{"0":[0,1],"1":[0,1],"2":[1,0],"3":[0,1],"4":[1,0],"5":[0,0],"6":[0,0],"7":[0,0],"8":[0],"9":[0],"10":[0],"11":[0,0]},"_coverageSchema":"1a1c01bbd47fc00a2c39e90264f33305004495a9","hash":"b9ffa73bd086996523fb52cd939ca5168052053f"}
,"/Users/gagaisyou/person/CanvasRender/src/dataStructure/BvhTree.js": {"path":"/Users/gagaisyou/person/CanvasRender/src/dataStructure/BvhTree.js","statementMap":{"0":{"start":{"line":5,"column":8},"end":{"line":5,"column":22}},"1":{"start":{"line":6,"column":8},"end":{"line":6,"column":22}},"2":{"start":{"line":7,"column":8},"end":{"line":7,"column":23}},"3":{"start":{"line":11,"column":8},"end":{"line":13,"column":9}},"4":{"start":{"line":12,"column":12},"end":{"line":12,"column":57}},"5":{"start":{"line":14,"column":26},"end":{"line":14,"column":34}},"6":{"start":{"line":15,"column":21},"end":{"line":15,"column":53}},"7":{"start":{"line":16,"column":24},"end":{"line":16,"column":26}},"8":{"start":{"line":17,"column":25},"end":{"line":17,"column":27}},"9":{"start":{"line":18,"column":18},"end":{"line":18,"column":34}},"10":{"start":{"line":19,"column":18},"end":{"line":19,"column":35}},"11":{"start":{"line":20,"column":8},"end":{"line":25,"column":9}},"12":{"start":{"line":20,"column":21},"end":{"line":20,"column":22}},"13":{"start":{"line":21,"column":12},"end":{"line":24,"column":13}},"14":{"start":{"line":21,"column":25},"end":{"line":21,"column":26}},"15":{"start":{"line":22,"column":16},"end":{"line":22,"column":76}},"16":{"start":{"line":23,"column":16},"end":{"line":23,"column":76}},"17":{"start":{"line":26,"column":18},"end":{"line":26,"column":33}},"18":{"start":{"line":27,"column":8},"end":{"line":46,"column":9}},"19":{"start":{"line":27,"column":21},"end":{"line":27,"column":22}},"20":{"start":{"line":28,"column":26},"end":{"line":28,"column":42}},"21":{"start":{"line":29,"column":26},"end":{"line":29,"column":43}},"22":{"start":{"line":30,"column":12},"end":{"line":33,"column":13}},"23":{"start":{"line":30,"column":25},"end":{"line":30,"column":26}},"24":{"start":{"line":31,"column":16},"end":{"line":31,"column":84}},"25":{"start":{"line":32,"column":16},"end":{"line":32,"column":84}},"26":{"start":{"line":34,"column":26},"end":{"line":34,"column":49}},"27":{"start":{"line":35,"column":12},"end":{"line":45,"column":13}},"28":{"start":{"line":36,"column":16},"end":{"line":36,"column":40}},"29":{"start":{"line":37,"column":19},"end":{"line":45,"column":13}},"30":{"start":{"line":38,"column":16},"end":{"line":38,"column":41}},"31":{"start":{"line":40,"column":16},"end":{"line":44,"column":17}},"32":{"start":{"line":41,"column":20},"end":{"line":41,"column":44}},"33":{"start":{"line":43,"column":20},"end":{"line":43,"column":45}},"34":{"start":{"line":47,"column":8},"end":{"line":47,"column":68}},"35":{"start":{"line":48,"column":8},"end":{"line":48,"column":70}},"36":{"start":{"line":49,"column":8},"end":{"line":49,"column":20}},"37":{"start":{"line":54,"column":12},"end":{"line":54,"column":21}},"38":{"start":{"line":55,"column":4},"end":{"line":59,"column":5}},"39":{"start":{"line":55,"column":17},"end":{"line":55,"column":18}},"40":{"start":{"line":56,"column":8},"end":{"line":58,"column":9}},"41":{"start":{"line":56,"column":21},"end":{"line":56,"column":22}},"42":{"start":{"line":57,"column":12},"end":{"line":57,"column":47}},"43":{"start":{"line":60,"column":4},"end":{"line":60,"column":58}},"44":{"start":{"line":61,"column":4},"end":{"line":61,"column":23}},"45":{"start":{"line":62,"column":4},"end":{"line":62,"column":22}},"46":{"start":{"line":63,"column":4},"end":{"line":63,"column":21}},"47":{"start":{"line":64,"column":4},"end":{"line":64,"column":22}}},"fnMap":{"0":{"name":"(anonymous_0)","decl":{"start":{"line":4,"column":4},"end":{"line":4,"column":5}},"loc":{"start":{"line":4,"column":21},"end":{"line":8,"column":5}},"line":4},"1":{"name":"(anonymous_1)","decl":{"start":{"line":10,"column":4},"end":{"line":10,"column":5}},"loc":{"start":{"line":10,"column":40},"end":{"line":50,"column":5}},"line":10},"2":{"name":"BvhTreeNode","decl":{"start":{"line":53,"column":9},"end":{"line":53,"column":20}},"loc":{"start":{"line":53,"column":52},"end":{"line":65,"column":1}},"line":53}},"branchMap":{"0":{"loc":{"start":{"line":11,"column":8},"end":{"line":13,"column":9}},"type":"if","locations":[{"start":{"line":11,"column":8},"end":{"line":13,"column":9}},{"start":{},"end":{}}],"line":11},"1":{"loc":{"start":{"line":35,"column":12},"end":{"line":45,"column":13}},"type":"if","locations":[{"start":{"line":35,"column":12},"end":{"line":45,"column":13}},{"start":{"line":37,"column":19},"end":{"line":45,"column":13}}],"line":35},"2":{"loc":{"start":{"line":37,"column":19},"end":{"line":45,"column":13}},"type":"if","locations":[{"start":{"line":37,"column":19},"end":{"line":45,"column":13}},{"start":{"line":39,"column":19},"end":{"line":45,"column":13}}],"line":37},"3":{"loc":{"start":{"line":40,"column":16},"end":{"line":44,"column":17}},"type":"if","locations":[{"start":{"line":40,"column":16},"end":{"line":44,"column":17}},{"start":{"line":42,"column":23},"end":{"line":44,"column":17}}],"line":40},"4":{"loc":{"start":{"line":53,"column":38},"end":{"line":53,"column":50}},"type":"default-arg","locations":[{"start":{"line":53,"column":45},"end":{"line":53,"column":50}}],"line":53}},"s":{"0":0,"1":0,"2":0,"3":0,"4":0,"5":0,"6":0,"7":0,"8":0,"9":0,"10":0,"11":0,"12":0,"13":0,"14":0,"15":0,"16":0,"17":0,"18":0,"19":0,"20":0,"21":0,"22":0,"23":0,"24":0,"25":0,"26":0,"27":0,"28":0,"29":0,"30":0,"31":0,"32":0,"33":0,"34":0,"35":0,"36":0,"37":0,"38":0,"39":0,"40":0,"41":0,"42":0,"43":0,"44":0,"45":0,"46":0,"47":0},"f":{"0":0,"1":0,"2":0},"b":{"0":[0,0],"1":[0,0],"2":[0,0],"3":[0,0],"4":[0]}}
}
