{"/Users/gagaisyou/person/learnGraphics/utils/math.js": {"path":"/Users/gagaisyou/person/learnGraphics/utils/math.js","statementMap":{"0":{"start":{"line":3,"column":4},"end":{"line":7,"column":76}},"1":{"start":{"line":7,"column":6},"end":{"line":7,"column":76}},"2":{"start":{"line":8,"column":4},"end":{"line":8,"column":21}},"3":{"start":{"line":9,"column":4},"end":{"line":20,"column":5}},"4":{"start":{"line":10,"column":6},"end":{"line":10,"column":44}},"5":{"start":{"line":11,"column":6},"end":{"line":11,"column":29}},"6":{"start":{"line":13,"column":6},"end":{"line":13,"column":30}},"7":{"start":{"line":15,"column":16},"end":{"line":15,"column":56}},"8":{"start":{"line":16,"column":6},"end":{"line":18,"column":7}},"9":{"start":{"line":16,"column":19},"end":{"line":16,"column":20}},"10":{"start":{"line":17,"column":8},"end":{"line":17,"column":35}},"11":{"start":{"line":19,"column":6},"end":{"line":19,"column":21}},"12":{"start":{"line":24,"column":4},"end":{"line":24,"column":46}},"13":{"start":{"line":28,"column":4},"end":{"line":28,"column":78}},"14":{"start":{"line":28,"column":33},"end":{"line":28,"column":78}},"15":{"start":{"line":29,"column":14},"end":{"line":29,"column":50}},"16":{"start":{"line":30,"column":15},"end":{"line":30,"column":34}},"17":{"start":{"line":31,"column":4},"end":{"line":69,"column":5}},"18":{"start":{"line":33,"column":6},"end":{"line":64,"column":7}},"19":{"start":{"line":33,"column":19},"end":{"line":33,"column":20}},"20":{"start":{"line":34,"column":8},"end":{"line":63,"column":9}},"21":{"start":{"line":35,"column":10},"end":{"line":43,"column":11}},"22":{"start":{"line":35,"column":23},"end":{"line":35,"column":28}},"23":{"start":{"line":36,"column":12},"end":{"line":42,"column":13}},"24":{"start":{"line":37,"column":26},"end":{"line":37,"column":76}},"25":{"start":{"line":38,"column":14},"end":{"line":41,"column":15}},"26":{"start":{"line":38,"column":27},"end":{"line":38,"column":28}},"27":{"start":{"line":39,"column":16},"end":{"line":39,"column":75}},"28":{"start":{"line":40,"column":16},"end":{"line":40,"column":73}},"29":{"start":{"line":45,"column":18},"end":{"line":45,"column":23}},"30":{"start":{"line":46,"column":10},"end":{"line":50,"column":11}},"31":{"start":{"line":47,"column":12},"end":{"line":49,"column":13}},"32":{"start":{"line":48,"column":14},"end":{"line":48,"column":20}},"33":{"start":{"line":51,"column":10},"end":{"line":53,"column":11}},"34":{"start":{"line":52,"column":12},"end":{"line":52,"column":57}},"35":{"start":{"line":54,"column":10},"end":{"line":62,"column":11}},"36":{"start":{"line":54,"column":23},"end":{"line":54,"column":24}},"37":{"start":{"line":55,"column":23},"end":{"line":55,"column":50}},"38":{"start":{"line":56,"column":12},"end":{"line":56,"column":72}},"39":{"start":{"line":57,"column":12},"end":{"line":57,"column":48}},"40":{"start":{"line":59,"column":24},"end":{"line":59,"column":50}},"41":{"start":{"line":60,"column":12},"end":{"line":60,"column":70}},"42":{"start":{"line":61,"column":12},"end":{"line":61,"column":48}},"43":{"start":{"line":65,"column":11},"end":{"line":69,"column":5}},"44":{"start":{"line":70,"column":4},"end":{"line":70,"column":15}},"45":{"start":{"line":74,"column":4},"end":{"line":74,"column":73}},"46":{"start":{"line":74,"column":36},"end":{"line":74,"column":73}},"47":{"start":{"line":75,"column":4},"end":{"line":75,"column":80}},"48":{"start":{"line":75,"column":29},"end":{"line":75,"column":80}},"49":{"start":{"line":76,"column":14},"end":{"line":76,"column":16}},"50":{"start":{"line":77,"column":4},"end":{"line":85,"column":5}},"51":{"start":{"line":77,"column":17},"end":{"line":77,"column":18}},"52":{"start":{"line":78,"column":6},"end":{"line":84,"column":7}},"53":{"start":{"line":78,"column":19},"end":{"line":78,"column":20}},"54":{"start":{"line":79,"column":18},"end":{"line":79,"column":19}},"55":{"start":{"line":80,"column":8},"end":{"line":82,"column":9}},"56":{"start":{"line":80,"column":21},"end":{"line":80,"column":22}},"57":{"start":{"line":81,"column":10},"end":{"line":81,"column":46}},"58":{"start":{"line":83,"column":8},"end":{"line":83,"column":22}},"59":{"start":{"line":86,"column":4},"end":{"line":86,"column":50}},"60":{"start":{"line":89,"column":4},"end":{"line":97,"column":5}},"61":{"start":{"line":90,"column":16},"end":{"line":90,"column":18}},"62":{"start":{"line":91,"column":6},"end":{"line":95,"column":7}},"63":{"start":{"line":91,"column":19},"end":{"line":91,"column":20}},"64":{"start":{"line":92,"column":8},"end":{"line":94,"column":9}},"65":{"start":{"line":92,"column":21},"end":{"line":92,"column":22}},"66":{"start":{"line":93,"column":10},"end":{"line":93,"column":35}},"67":{"start":{"line":96,"column":6},"end":{"line":96,"column":44}},"68":{"start":{"line":98,"column":4},"end":{"line":98,"column":47}},"69":{"start":{"line":108,"column":4},"end":{"line":108,"column":20}},"70":{"start":{"line":109,"column":4},"end":{"line":109,"column":34}}},"fnMap":{"0":{"name":"(anonymous_0)","decl":{"start":{"line":2,"column":2},"end":{"line":2,"column":3}},"loc":{"start":{"line":2,"column":37},"end":{"line":21,"column":3}},"line":2},"1":{"name":"(anonymous_1)","decl":{"start":{"line":22,"column":2},"end":{"line":22,"column":3}},"loc":{"start":{"line":22,"column":27},"end":{"line":22,"column":29}},"line":22},"2":{"name":"(anonymous_2)","decl":{"start":{"line":23,"column":2},"end":{"line":23,"column":3}},"loc":{"start":{"line":23,"column":19},"end":{"line":25,"column":3}},"line":23},"3":{"name":"(anonymous_3)","decl":{"start":{"line":27,"column":2},"end":{"line":27,"column":3}},"loc":{"start":{"line":27,"column":20},"end":{"line":71,"column":3}},"line":27},"4":{"name":"(anonymous_4)","decl":{"start":{"line":73,"column":2},"end":{"line":73,"column":3}},"loc":{"start":{"line":73,"column":14},"end":{"line":87,"column":3}},"line":73},"5":{"name":"(anonymous_5)","decl":{"start":{"line":88,"column":2},"end":{"line":88,"column":3}},"loc":{"start":{"line":88,"column":14},"end":{"line":99,"column":3}},"line":88},"6":{"name":"(anonymous_6)","decl":{"start":{"line":100,"column":2},"end":{"line":100,"column":3}},"loc":{"start":{"line":100,"column":14},"end":{"line":100,"column":16}},"line":100},"7":{"name":"(anonymous_7)","decl":{"start":{"line":101,"column":2},"end":{"line":101,"column":3}},"loc":{"start":{"line":101,"column":10},"end":{"line":101,"column":12}},"line":101},"8":{"name":"(anonymous_8)","decl":{"start":{"line":102,"column":2},"end":{"line":102,"column":3}},"loc":{"start":{"line":102,"column":11},"end":{"line":102,"column":13}},"line":102},"9":{"name":"(anonymous_9)","decl":{"start":{"line":103,"column":2},"end":{"line":103,"column":3}},"loc":{"start":{"line":103,"column":8},"end":{"line":103,"column":10}},"line":103},"10":{"name":"(anonymous_10)","decl":{"start":{"line":107,"column":2},"end":{"line":107,"column":3}},"loc":{"start":{"line":107,"column":27},"end":{"line":110,"column":3}},"line":107},"11":{"name":"(anonymous_11)","decl":{"start":{"line":111,"column":2},"end":{"line":111,"column":3}},"loc":{"start":{"line":111,"column":9},"end":{"line":111,"column":11}},"line":111},"12":{"name":"(anonymous_12)","decl":{"start":{"line":112,"column":2},"end":{"line":112,"column":3}},"loc":{"start":{"line":112,"column":11},"end":{"line":112,"column":13}},"line":112}},"branchMap":{"0":{"loc":{"start":{"line":2,"column":14},"end":{"line":2,"column":22}},"type":"default-arg","locations":[{"start":{"line":2,"column":21},"end":{"line":2,"column":22}}],"line":2},"1":{"loc":{"start":{"line":3,"column":4},"end":{"line":7,"column":76}},"type":"if","locations":[{"start":{"line":3,"column":4},"end":{"line":7,"column":76}},{"start":{},"end":{}}],"line":3},"2":{"loc":{"start":{"line":4,"column":6},"end":{"line":5,"column":67}},"type":"binary-expr","locations":[{"start":{"line":4,"column":6},"end":{"line":4,"column":32}},{"start":{"line":5,"column":7},"end":{"line":5,"column":31}},{"start":{"line":5,"column":35},"end":{"line":5,"column":66}}],"line":4},"3":{"loc":{"start":{"line":9,"column":4},"end":{"line":20,"column":5}},"type":"if","locations":[{"start":{"line":9,"column":4},"end":{"line":20,"column":5}},{"start":{"line":12,"column":11},"end":{"line":20,"column":5}}],"line":9},"4":{"loc":{"start":{"line":22,"column":17},"end":{"line":22,"column":25}},"type":"default-arg","locations":[{"start":{"line":22,"column":24},"end":{"line":22,"column":25}}],"line":22},"5":{"loc":{"start":{"line":27,"column":10},"end":{"line":27,"column":18}},"type":"default-arg","locations":[{"start":{"line":27,"column":17},"end":{"line":27,"column":18}}],"line":27},"6":{"loc":{"start":{"line":28,"column":4},"end":{"line":28,"column":78}},"type":"if","locations":[{"start":{"line":28,"column":4},"end":{"line":28,"column":78}},{"start":{},"end":{}}],"line":28},"7":{"loc":{"start":{"line":31,"column":4},"end":{"line":69,"column":5}},"type":"if","locations":[{"start":{"line":31,"column":4},"end":{"line":69,"column":5}},{"start":{"line":65,"column":11},"end":{"line":69,"column":5}}],"line":31},"8":{"loc":{"start":{"line":34,"column":8},"end":{"line":63,"column":9}},"type":"if","locations":[{"start":{"line":34,"column":8},"end":{"line":63,"column":9}},{"start":{"line":44,"column":15},"end":{"line":63,"column":9}}],"line":34},"9":{"loc":{"start":{"line":36,"column":12},"end":{"line":42,"column":13}},"type":"if","locations":[{"start":{"line":36,"column":12},"end":{"line":42,"column":13}},{"start":{},"end":{}}],"line":36},"10":{"loc":{"start":{"line":47,"column":12},"end":{"line":49,"column":13}},"type":"if","locations":[{"start":{"line":47,"column":12},"end":{"line":49,"column":13}},{"start":{},"end":{}}],"line":47},"11":{"loc":{"start":{"line":51,"column":10},"end":{"line":53,"column":11}},"type":"if","locations":[{"start":{"line":51,"column":10},"end":{"line":53,"column":11}},{"start":{},"end":{}}],"line":51},"12":{"loc":{"start":{"line":65,"column":11},"end":{"line":69,"column":5}},"type":"if","locations":[{"start":{"line":65,"column":11},"end":{"line":69,"column":5}},{"start":{"line":67,"column":11},"end":{"line":69,"column":5}}],"line":65},"13":{"loc":{"start":{"line":74,"column":4},"end":{"line":74,"column":73}},"type":"if","locations":[{"start":{"line":74,"column":4},"end":{"line":74,"column":73}},{"start":{},"end":{}}],"line":74},"14":{"loc":{"start":{"line":75,"column":4},"end":{"line":75,"column":80}},"type":"if","locations":[{"start":{"line":75,"column":4},"end":{"line":75,"column":80}},{"start":{},"end":{}}],"line":75},"15":{"loc":{"start":{"line":89,"column":4},"end":{"line":97,"column":5}},"type":"if","locations":[{"start":{"line":89,"column":4},"end":{"line":97,"column":5}},{"start":{},"end":{}}],"line":89},"16":{"loc":{"start":{"line":89,"column":8},"end":{"line":89,"column":42}},"type":"binary-expr","locations":[{"start":{"line":89,"column":8},"end":{"line":89,"column":23}},{"start":{"line":89,"column":27},"end":{"line":89,"column":42}}],"line":89},"17":{"loc":{"start":{"line":107,"column":14},"end":{"line":107,"column":25}},"type":"default-arg","locations":[{"start":{"line":107,"column":22},"end":{"line":107,"column":25}}],"line":107}},"s":{"0":5,"1":1,"2":4,"3":4,"4":2,"5":2,"6":2,"7":2,"8":2,"9":2,"10":6,"11":2,"12":0,"13":1,"14":0,"15":1,"16":1,"17":1,"18":1,"19":1,"20":3,"21":3,"22":3,"23":3,"24":3,"25":3,"26":3,"27":9,"28":9,"29":0,"30":0,"31":0,"32":0,"33":0,"34":0,"35":0,"36":0,"37":0,"38":0,"39":0,"40":0,"41":0,"42":0,"43":0,"44":1,"45":0,"46":0,"47":0,"48":0,"49":0,"50":0,"51":0,"52":0,"53":0,"54":0,"55":0,"56":0,"57":0,"58":0,"59":0,"60":0,"61":0,"62":0,"63":0,"64":0,"65":0,"66":0,"67":0,"68":0,"69":0,"70":0},"f":{"0":5,"1":0,"2":0,"3":1,"4":0,"5":0,"6":0,"7":0,"8":0,"9":0,"10":0,"11":0,"12":0},"b":{"0":[0],"1":[1,4],"2":[5,3,3],"3":[2,2],"4":[0],"5":[1],"6":[0,1],"7":[1,0],"8":[3,0],"9":[3,0],"10":[0,0],"11":[0,0],"12":[0,0],"13":[0,0],"14":[0,0],"15":[0,0],"16":[0,0],"17":[0]},"_coverageSchema":"1a1c01bbd47fc00a2c39e90264f33305004495a9","hash":"b542d43014907a4f1e09d68a8801713e138eb5f0"}
}
