TN:
SF:utils/math.js
FN:2,(anonymous_0)
FN:22,(anonymous_1)
FN:23,(anonymous_2)
FN:27,(anonymous_3)
FN:73,(anonymous_4)
FN:88,(anonymous_5)
FN:100,(anonymous_6)
FN:101,(anonymous_7)
FN:102,(anonymous_8)
FN:103,(anonymous_9)
FN:107,(anonymous_10)
FN:111,(anonymous_11)
FN:112,(anonymous_12)
FNF:13
FNH:2
FNDA:5,(anonymous_0)
FNDA:0,(anonymous_1)
FNDA:0,(anonymous_2)
FNDA:1,(anonymous_3)
FNDA:0,(anonymous_4)
FNDA:0,(anonymous_5)
FNDA:0,(anonymous_6)
FNDA:0,(anonymous_7)
FNDA:0,(anonymous_8)
FNDA:0,(anonymous_9)
FNDA:0,(anonymous_10)
FNDA:0,(anonymous_11)
FNDA:0,(anonymous_12)
DA:3,5
DA:7,1
DA:8,4
DA:9,4
DA:10,2
DA:11,2
DA:13,2
DA:15,2
DA:16,2
DA:17,6
DA:19,2
DA:24,0
DA:28,1
DA:29,1
DA:30,1
DA:31,1
DA:33,1
DA:34,3
DA:35,3
DA:36,3
DA:37,3
DA:38,3
DA:39,9
DA:40,9
DA:45,0
DA:46,0
DA:47,0
DA:48,0
DA:51,0
DA:52,0
DA:54,0
DA:55,0
DA:56,0
DA:57,0
DA:59,0
DA:60,0
DA:61,0
DA:65,0
DA:70,1
DA:74,0
DA:75,0
DA:76,0
DA:77,0
DA:78,0
DA:79,0
DA:80,0
DA:81,0
DA:83,0
DA:86,0
DA:89,0
DA:90,0
DA:91,0
DA:92,0
DA:93,0
DA:96,0
DA:98,0
DA:108,0
DA:109,0
LF:58
LH:24
BRDA:2,0,0,0
BRDA:3,1,0,1
BRDA:3,1,1,4
BRDA:4,2,0,5
BRDA:4,2,1,3
BRDA:4,2,2,3
BRDA:9,3,0,2
BRDA:9,3,1,2
BRDA:22,4,0,0
BRDA:27,5,0,1
BRDA:28,6,0,0
BRDA:28,6,1,1
BRDA:31,7,0,1
BRDA:31,7,1,0
BRDA:34,8,0,3
BRDA:34,8,1,0
BRDA:36,9,0,3
BRDA:36,9,1,0
BRDA:47,10,0,0
BRDA:47,10,1,0
BRDA:51,11,0,0
BRDA:51,11,1,0
BRDA:65,12,0,0
BRDA:65,12,1,0
BRDA:74,13,0,0
BRDA:74,13,1,0
BRDA:75,14,0,0
BRDA:75,14,1,0
BRDA:89,15,0,0
BRDA:89,15,1,0
BRDA:89,16,0,0
BRDA:89,16,1,0
BRDA:107,17,0,0
BRF:33
BRH:12
end_of_record
